TN:
SF:app.js
FNF:0
FNH:0
DA:2,8
DA:3,8
DA:4,8
DA:9,8
DA:11,8
DA:12,8
DA:15,8
DA:18,8
DA:19,8
DA:23,8
LF:10
LH:10
BRF:0
BRH:0
end_of_record
TN:
SF:controllers\compartidoController.js
FN:3,(anonymous_0)
FN:10,(anonymous_1)
FN:15,(anonymous_2)
FN:23,(anonymous_3)
FN:29,(anonymous_4)
FN:35,(anonymous_5)
FN:44,(anonymous_6)
FN:45,(anonymous_7)
FN:47,(anonymous_8)
FN:60,(anonymous_9)
FNF:10
FNH:10
FNDA:2,(anonymous_0)
FNDA:1,(anonymous_1)
FNDA:1,(anonymous_2)
FNDA:3,(anonymous_3)
FNDA:1,(anonymous_4)
FNDA:1,(anonymous_5)
FNDA:2,(anonymous_6)
FNDA:2,(anonymous_7)
FNDA:1,(anonymous_8)
FNDA:1,(anonymous_9)
DA:1,8
DA:3,8
DA:7,2
DA:8,2
DA:11,1
DA:16,1
DA:23,8
DA:24,3
DA:25,2
DA:29,2
DA:30,1
DA:36,1
DA:41,1
DA:44,8
DA:45,2
DA:46,2
DA:47,1
DA:48,1
DA:61,1
DA:68,8
LF:20
LH:20
BRDA:24,0,0,2
BRDA:24,0,1,1
BRDA:24,1,0,3
BRDA:24,1,1,3
BRF:4
BRH:4
end_of_record
TN:
SF:controllers\conceptualizacionController.js
FN:3,(anonymous_0)
FN:10,(anonymous_1)
FN:15,(anonymous_2)
FN:23,(anonymous_3)
FN:29,(anonymous_4)
FN:35,(anonymous_5)
FN:44,(anonymous_6)
FN:45,(anonymous_7)
FN:47,(anonymous_8)
FN:60,(anonymous_9)
FNF:10
FNH:10
FNDA:2,(anonymous_0)
FNDA:1,(anonymous_1)
FNDA:1,(anonymous_2)
FNDA:3,(anonymous_3)
FNDA:1,(anonymous_4)
FNDA:1,(anonymous_5)
FNDA:2,(anonymous_6)
FNDA:2,(anonymous_7)
FNDA:1,(anonymous_8)
FNDA:1,(anonymous_9)
DA:1,8
DA:3,8
DA:7,2
DA:8,2
DA:11,1
DA:16,1
DA:23,8
DA:24,3
DA:25,2
DA:29,2
DA:30,1
DA:36,1
DA:41,1
DA:44,8
DA:45,2
DA:46,2
DA:47,1
DA:48,1
DA:61,1
DA:68,8
LF:20
LH:20
BRDA:24,0,0,2
BRDA:24,0,1,1
BRDA:24,1,0,3
BRDA:24,1,1,3
BRF:4
BRH:4
end_of_record
TN:
SF:controllers\historiaController.js
FN:3,(anonymous_0)
FN:10,(anonymous_1)
FN:15,(anonymous_2)
FN:23,(anonymous_3)
FN:29,(anonymous_4)
FN:35,(anonymous_5)
FN:44,(anonymous_6)
FN:45,(anonymous_7)
FN:47,(anonymous_8)
FN:60,(anonymous_9)
FNF:10
FNH:10
FNDA:2,(anonymous_0)
FNDA:1,(anonymous_1)
FNDA:1,(anonymous_2)
FNDA:3,(anonymous_3)
FNDA:1,(anonymous_4)
FNDA:1,(anonymous_5)
FNDA:2,(anonymous_6)
FNDA:2,(anonymous_7)
FNDA:1,(anonymous_8)
FNDA:1,(anonymous_9)
DA:1,8
DA:3,8
DA:7,2
DA:8,2
DA:11,1
DA:16,1
DA:23,8
DA:24,3
DA:25,2
DA:29,2
DA:30,1
DA:36,1
DA:41,1
DA:44,8
DA:45,2
DA:46,2
DA:47,1
DA:48,1
DA:61,1
DA:68,8
LF:20
LH:20
BRDA:24,0,0,2
BRDA:24,0,1,1
BRDA:24,1,0,3
BRDA:24,1,1,3
BRF:4
BRH:4
end_of_record
TN:
SF:controllers\notasController.js
FN:3,(anonymous_0)
FN:10,(anonymous_1)
FN:16,(anonymous_2)
FN:24,(anonymous_3)
FN:31,(anonymous_4)
FN:37,(anonymous_5)
FN:46,(anonymous_6)
FN:47,(anonymous_7)
FN:49,(anonymous_8)
FN:62,(anonymous_9)
FNF:10
FNH:10
FNDA:2,(anonymous_0)
FNDA:1,(anonymous_1)
FNDA:1,(anonymous_2)
FNDA:3,(anonymous_3)
FNDA:1,(anonymous_4)
FNDA:1,(anonymous_5)
FNDA:2,(anonymous_6)
FNDA:2,(anonymous_7)
FNDA:1,(anonymous_8)
FNDA:1,(anonymous_9)
DA:1,8
DA:3,8
DA:7,2
DA:8,2
DA:11,1
DA:17,1
DA:24,8
DA:25,3
DA:26,2
DA:31,2
DA:32,1
DA:38,1
DA:43,1
DA:46,8
DA:47,2
DA:48,2
DA:49,1
DA:50,1
DA:63,1
DA:71,8
LF:20
LH:20
BRDA:25,0,0,2
BRDA:25,0,1,1
BRDA:25,1,0,3
BRDA:25,1,1,3
BRF:4
BRH:4
end_of_record
TN:
SF:controllers\pacienteController.js
FN:4,(anonymous_0)
FN:12,(anonymous_1)
FN:17,(anonymous_2)
FN:25,(anonymous_3)
FN:27,(anonymous_4)
FN:33,(anonymous_5)
FN:41,(anonymous_6)
FN:50,(anonymous_7)
FN:56,(anonymous_8)
FN:68,(anonymous_9)
FN:80,(anonymous_10)
FN:82,(anonymous_11)
FN:88,(anonymous_12)
FN:95,(anonymous_13)
FNF:14
FNH:12
FNDA:2,(anonymous_0)
FNDA:1,(anonymous_1)
FNDA:1,(anonymous_2)
FNDA:2,(anonymous_3)
FNDA:1,(anonymous_4)
FNDA:1,(anonymous_5)
FNDA:3,(anonymous_6)
FNDA:0,(anonymous_7)
FNDA:1,(anonymous_8)
FNDA:2,(anonymous_9)
FNDA:1,(anonymous_10)
FNDA:1,(anonymous_11)
FNDA:0,(anonymous_12)
FNDA:1,(anonymous_13)
DA:1,8
DA:2,8
DA:4,8
DA:8,2
DA:10,2
DA:13,1
DA:18,1
DA:25,8
DA:26,2
DA:27,2
DA:28,1
DA:34,1
DA:41,8
DA:42,3
DA:45,3
DA:46,3
DA:47,2
DA:48,1
DA:49,1
DA:50,1
DA:51,0
DA:57,1
DA:62,1
DA:63,1
DA:68,8
DA:69,2
DA:70,2
DA:71,0
DA:72,2
DA:73,1
DA:75,2
DA:76,0
DA:77,2
DA:78,2
DA:80,2
DA:81,1
DA:82,1
DA:83,1
DA:89,0
DA:96,1
DA:104,8
LF:41
LH:37
BRDA:46,0,0,2
BRDA:46,0,1,1
BRDA:47,1,0,1
BRDA:47,1,1,1
BRDA:47,2,0,2
BRDA:47,2,1,2
BRDA:70,3,0,0
BRDA:70,3,1,2
BRDA:72,4,0,1
BRDA:72,4,1,1
BRDA:75,5,0,0
BRDA:75,5,1,2
BRDA:77,6,0,2
BRDA:77,6,1,0
BRF:14
BRH:11
end_of_record
TN:
SF:controllers\pagoController.js
FN:5,(anonymous_0)
FN:29,(anonymous_1)
FN:45,(anonymous_2)
FN:52,(anonymous_3)
FN:66,(anonymous_4)
FN:73,(anonymous_5)
FN:79,(anonymous_6)
FN:88,(anonymous_7)
FN:89,(anonymous_8)
FN:91,(anonymous_9)
FN:104,(anonymous_10)
FNF:11
FNH:11
FNDA:1,(anonymous_0)
FNDA:1,(anonymous_1)
FNDA:1,(anonymous_2)
FNDA:1,(anonymous_3)
FNDA:3,(anonymous_4)
FNDA:1,(anonymous_5)
FNDA:1,(anonymous_6)
FNDA:2,(anonymous_7)
FNDA:2,(anonymous_8)
FNDA:1,(anonymous_9)
FNDA:1,(anonymous_10)
DA:1,8
DA:2,8
DA:3,8
DA:5,8
DA:9,1
DA:10,1
DA:13,1
DA:14,1
DA:15,1
DA:16,1
DA:30,1
DA:45,8
DA:49,1
DA:50,1
DA:53,1
DA:66,8
DA:67,3
DA:68,2
DA:73,2
DA:74,1
DA:80,1
DA:85,1
DA:88,8
DA:89,2
DA:90,2
DA:91,1
DA:92,1
DA:105,1
DA:113,8
LF:29
LH:29
BRDA:15,0,0,1
BRDA:15,0,1,0
BRDA:67,1,0,2
BRDA:67,1,1,1
BRDA:67,2,0,3
BRDA:67,2,1,3
BRF:6
BRH:5
end_of_record
TN:
SF:controllers\tareaController.js
FN:3,(anonymous_0)
FN:10,(anonymous_1)
FN:16,(anonymous_2)
FN:25,(anonymous_3)
FN:28,(anonymous_4)
FN:34,(anonymous_5)
FN:43,(anonymous_6)
FN:44,(anonymous_7)
FN:46,(anonymous_8)
FN:53,(anonymous_9)
FNF:10
FNH:10
FNDA:2,(anonymous_0)
FNDA:1,(anonymous_1)
FNDA:1,(anonymous_2)
FNDA:3,(anonymous_3)
FNDA:1,(anonymous_4)
FNDA:1,(anonymous_5)
FNDA:2,(anonymous_6)
FNDA:2,(anonymous_7)
FNDA:1,(anonymous_8)
FNDA:1,(anonymous_9)
DA:1,8
DA:3,8
DA:7,2
DA:8,2
DA:11,1
DA:17,1
DA:25,8
DA:26,3
DA:27,2
DA:28,2
DA:29,1
DA:35,1
DA:40,1
DA:43,8
DA:44,2
DA:45,2
DA:46,1
DA:47,1
DA:54,1
DA:61,8
LF:20
LH:20
BRDA:26,0,0,2
BRDA:26,0,1,1
BRDA:26,1,0,3
BRDA:26,1,1,3
BRF:4
BRH:4
end_of_record
TN:
SF:controllers\usuarioController.js
FN:5,(anonymous_0)
FN:10,(anonymous_1)
FN:20,(anonymous_2)
FN:29,(anonymous_3)
FN:31,(anonymous_4)
FN:48,(anonymous_5)
FNF:6
FNH:5
FNDA:3,(anonymous_0)
FNDA:0,(anonymous_1)
FNDA:2,(anonymous_2)
FNDA:4,(anonymous_3)
FNDA:3,(anonymous_4)
FNDA:1,(anonymous_5)
DA:1,8
DA:2,8
DA:3,8
DA:5,8
DA:7,3
DA:8,2
DA:9,2
DA:10,2
DA:11,0
DA:14,0
DA:21,2
DA:26,1
DA:29,8
DA:30,4
DA:31,3
DA:32,3
DA:33,2
DA:34,1
DA:37,1
DA:43,1
DA:49,1
DA:54,1
DA:57,8
LF:23
LH:21
BRDA:7,0,0,2
BRDA:7,0,1,1
BRDA:7,1,0,3
BRDA:7,1,1,3
BRDA:7,1,2,3
BRDA:7,1,3,2
BRDA:30,2,0,3
BRDA:30,2,1,1
BRDA:30,3,0,4
BRDA:30,3,1,4
BRDA:30,3,2,3
BRDA:33,4,0,1
BRDA:33,4,1,1
BRF:13
BRH:13
end_of_record
TN:
SF:models\compartido.model.js
FNF:0
FNH:0
DA:1,8
DA:3,8
DA:5,8
DA:10,8
DA:16,8
LF:5
LH:5
BRF:0
BRH:0
end_of_record
TN:
SF:models\conceptualizacion.model.js
FNF:0
FNH:0
DA:1,8
DA:3,8
DA:5,8
DA:11,8
LF:4
LH:4
BRF:0
BRH:0
end_of_record
TN:
SF:models\historia.model.js
FNF:0
FNH:0
DA:1,8
DA:3,8
DA:5,8
DA:11,8
LF:4
LH:4
BRF:0
BRH:0
end_of_record
TN:
SF:models\notas.model.js
FNF:0
FNH:0
DA:1,8
DA:3,8
DA:5,8
DA:11,8
LF:4
LH:4
BRF:0
BRH:0
end_of_record
TN:
SF:models\paciente.model.js
FNF:0
FNH:0
DA:1,8
DA:3,8
DA:5,8
DA:31,8
LF:4
LH:4
BRF:0
BRH:0
end_of_record
TN:
SF:models\pagos.model.js
FNF:0
FNH:0
DA:1,8
DA:3,8
DA:5,8
DA:13,8
LF:4
LH:4
BRF:0
BRH:0
end_of_record
TN:
SF:models\tarea.model.js
FNF:0
FNH:0
DA:1,8
DA:3,8
DA:5,8
DA:13,8
LF:4
LH:4
BRF:0
BRH:0
end_of_record
TN:
SF:models\usuario.model.js
FN:13,(anonymous_0)
FN:18,(anonymous_1)
FNF:2
FNH:2
FNDA:2,(anonymous_0)
FNDA:2,(anonymous_1)
DA:1,8
DA:2,8
DA:4,8
DA:6,8
DA:13,8
DA:14,2
DA:15,2
DA:18,8
DA:19,2
DA:22,8
LF:10
LH:10
BRF:0
BRH:0
end_of_record
TN:
SF:routes\api.routes.js
FNF:0
FNH:0
DA:1,8
DA:2,8
DA:3,8
DA:4,8
DA:5,8
DA:6,8
DA:7,8
DA:8,8
DA:9,8
DA:11,8
DA:13,8
DA:14,8
DA:15,8
DA:16,8
DA:17,8
DA:19,8
DA:21,8
DA:23,8
DA:26,8
LF:19
LH:19
BRF:0
BRH:0
end_of_record
TN:
SF:routes\compartido.routes.js
FNF:0
FNH:0
DA:1,8
DA:2,8
DA:4,8
DA:6,8
DA:8,8
DA:11,8
LF:6
LH:6
BRF:0
BRH:0
end_of_record
TN:
SF:routes\conceptualizacion.routes.js
FNF:0
FNH:0
DA:1,8
DA:2,8
DA:4,8
DA:6,8
DA:8,8
DA:11,8
LF:6
LH:6
BRF:0
BRH:0
end_of_record
TN:
SF:routes\historia.routes.js
FNF:0
FNH:0
DA:1,8
DA:2,8
DA:4,8
DA:6,8
DA:8,8
DA:11,8
LF:6
LH:6
BRF:0
BRH:0
end_of_record
TN:
SF:routes\notas.routes.js
FNF:0
FNH:0
DA:1,8
DA:2,8
DA:4,8
DA:6,8
DA:8,8
DA:11,8
LF:6
LH:6
BRF:0
BRH:0
end_of_record
TN:
SF:routes\pacientes.routes.js
FNF:0
FNH:0
DA:1,8
DA:2,8
DA:3,8
DA:5,8
DA:7,8
DA:9,8
DA:11,8
DA:13,8
DA:15,8
DA:17,8
DA:20,8
LF:11
LH:11
BRF:0
BRH:0
end_of_record
TN:
SF:routes\pagos.routes.js
FNF:0
FNH:0
DA:1,8
DA:2,8
DA:4,8
DA:7,8
LF:4
LH:4
BRF:0
BRH:0
end_of_record
TN:
SF:routes\tarea.routes.js
FNF:0
FNH:0
DA:1,8
DA:2,8
DA:4,8
DA:6,8
DA:8,8
DA:11,8
LF:6
LH:6
BRF:0
BRH:0
end_of_record
TN:
SF:routes\usuario.routes.js
FNF:0
FNH:0
DA:1,8
DA:2,8
DA:4,8
DA:6,8
DA:9,8
LF:5
LH:5
BRF:0
BRH:0
end_of_record
