<?xml version="1.0" encoding="UTF-8"?>
<coverage generated="1664237281899" clover="3.2.0">
  <project timestamp="1664237281899" name="All files">
    <metrics statements="27" coveredstatements="15" conditionals="4" coveredconditionals="0" methods="11" coveredmethods="3" elements="42" coveredelements="18" complexity="0" loc="27" ncloc="27" packages="3" files="3" classes="3"/>
    <package name="controllers">
      <metrics statements="21" coveredstatements="9" conditionals="4" coveredconditionals="0" methods="11" coveredmethods="3"/>
      <file name="tareaController.js" path="C:\Users\Pablo\Code-Workspace\PsiHouse\controllers\tareaController.js">
        <metrics statements="21" coveredstatements="9" conditionals="4" coveredconditionals="0" methods="11" coveredmethods="3"/>
        <line num="1" count="1" type="stmt"/>
        <line num="3" count="1" type="stmt"/>
        <line num="7" count="2" type="stmt"/>
        <line num="8" count="1" type="stmt"/>
        <line num="14" count="1" type="stmt"/>
        <line num="15" count="1" type="stmt"/>
        <line num="22" count="1" type="stmt"/>
        <line num="23" count="0" type="cond" truecount="0" falsecount="4"/>
        <line num="24" count="0" type="stmt"/>
        <line num="25" count="0" type="stmt"/>
        <line num="26" count="0" type="stmt"/>
        <line num="32" count="0" type="stmt"/>
        <line num="37" count="0" type="stmt"/>
        <line num="40" count="1" type="stmt"/>
        <line num="41" count="0" type="stmt"/>
        <line num="42" count="0" type="stmt"/>
        <line num="43" count="0" type="stmt"/>
        <line num="44" count="0" type="stmt"/>
        <line num="50" count="0" type="stmt"/>
        <line num="57" count="0" type="stmt"/>
        <line num="64" count="1" type="stmt"/>
      </file>
    </package>
    <package name="mock">
      <metrics statements="2" coveredstatements="2" conditionals="0" coveredconditionals="0" methods="0" coveredmethods="0"/>
      <file name="tareaMock.js" path="C:\Users\Pablo\Code-Workspace\PsiHouse\mock\tareaMock.js">
        <metrics statements="2" coveredstatements="2" conditionals="0" coveredconditionals="0" methods="0" coveredmethods="0"/>
        <line num="1" count="1" type="stmt"/>
        <line num="11" count="1" type="stmt"/>
      </file>
    </package>
    <package name="models">
      <metrics statements="4" coveredstatements="4" conditionals="0" coveredconditionals="0" methods="0" coveredmethods="0"/>
      <file name="tarea.model.js" path="C:\Users\Pablo\Code-Workspace\PsiHouse\models\tarea.model.js">
        <metrics statements="4" coveredstatements="4" conditionals="0" coveredconditionals="0" methods="0" coveredmethods="0"/>
        <line num="1" count="1" type="stmt"/>
        <line num="3" count="1" type="stmt"/>
        <line num="5" count="1" type="stmt"/>
        <line num="12" count="1" type="stmt"/>
      </file>
    </package>
  </project>
</coverage>
