{"C:\\Users\\Pablo\\Code-Workspace\\PsiHouse\\controllers\\tareaController.js": {"path":"C:\\Users\\Pablo\\Code-Workspace\\PsiHouse\\controllers\\tareaController.js","statementMap":{"0":{"start":{"line":1,"column":14},"end":{"line":1,"column":46}},"1":{"start":{"line":3,"column":12},"end":{"line":20,"column":1}},"2":{"start":{"line":7,"column":3},"end":{"line":19,"column":6}},"3":{"start":{"line":8,"column":4},"end":{"line":11,"column":7}},"4":{"start":{"line":14,"column":4},"end":{"line":14,"column":34}},"5":{"start":{"line":15,"column":4},"end":{"line":18,"column":7}},"6":{"start":{"line":22,"column":15},"end":{"line":38,"column":1}},"7":{"start":{"line":23,"column":4},"end":{"line":37,"column":72}},"8":{"start":{"line":24,"column":20},"end":{"line":24,"column":39}},"9":{"start":{"line":25,"column":8},"end":{"line":36,"column":10}},"10":{"start":{"line":26,"column":12},"end":{"line":29,"column":15}},"11":{"start":{"line":32,"column":12},"end":{"line":35,"column":14}},"12":{"start":{"line":37,"column":11},"end":{"line":37,"column":72}},"13":{"start":{"line":40,"column":17},"end":{"line":62,"column":1}},"14":{"start":{"line":41,"column":4},"end":{"line":61,"column":6}},"15":{"start":{"line":42,"column":8},"end":{"line":42,"column":39}},"16":{"start":{"line":43,"column":8},"end":{"line":54,"column":11}},"17":{"start":{"line":44,"column":12},"end":{"line":47,"column":15}},"18":{"start":{"line":50,"column":12},"end":{"line":53,"column":14}},"19":{"start":{"line":57,"column":8},"end":{"line":60,"column":10}},"20":{"start":{"line":64,"column":0},"end":{"line":64,"column":40}}},"fnMap":{"0":{"name":"(anonymous_0)","decl":{"start":{"line":3,"column":12},"end":{"line":3,"column":13}},"loc":{"start":{"line":3,"column":32},"end":{"line":20,"column":1}},"line":3},"1":{"name":"(anonymous_1)","decl":{"start":{"line":7,"column":21},"end":{"line":7,"column":22}},"loc":{"start":{"line":7,"column":32},"end":{"line":12,"column":4}},"line":7},"2":{"name":"(anonymous_2)","decl":{"start":{"line":13,"column":10},"end":{"line":13,"column":11}},"loc":{"start":{"line":13,"column":19},"end":{"line":19,"column":4}},"line":13},"3":{"name":"(anonymous_3)","decl":{"start":{"line":22,"column":15},"end":{"line":22,"column":16}},"loc":{"start":{"line":22,"column":29},"end":{"line":38,"column":1}},"line":22},"4":{"name":"(anonymous_4)","decl":{"start":{"line":25,"column":26},"end":{"line":25,"column":27}},"loc":{"start":{"line":25,"column":32},"end":{"line":30,"column":9}},"line":25},"5":{"name":"(anonymous_5)","decl":{"start":{"line":31,"column":15},"end":{"line":31,"column":16}},"loc":{"start":{"line":31,"column":24},"end":{"line":36,"column":9}},"line":31},"6":{"name":"(anonymous_6)","decl":{"start":{"line":40,"column":17},"end":{"line":40,"column":18}},"loc":{"start":{"line":40,"column":31},"end":{"line":62,"column":1}},"line":40},"7":{"name":"(anonymous_7)","decl":{"start":{"line":41,"column":38},"end":{"line":41,"column":39}},"loc":{"start":{"line":41,"column":49},"end":{"line":55,"column":5}},"line":41},"8":{"name":"(anonymous_8)","decl":{"start":{"line":43,"column":26},"end":{"line":43,"column":27}},"loc":{"start":{"line":43,"column":32},"end":{"line":48,"column":9}},"line":43},"9":{"name":"(anonymous_9)","decl":{"start":{"line":49,"column":15},"end":{"line":49,"column":16}},"loc":{"start":{"line":49,"column":24},"end":{"line":54,"column":9}},"line":49},"10":{"name":"(anonymous_10)","decl":{"start":{"line":56,"column":11},"end":{"line":56,"column":12}},"loc":{"start":{"line":56,"column":20},"end":{"line":61,"column":5}},"line":56}},"branchMap":{"0":{"loc":{"start":{"line":23,"column":4},"end":{"line":37,"column":72}},"type":"if","locations":[{"start":{"line":23,"column":4},"end":{"line":37,"column":72}},{"start":{"line":37,"column":11},"end":{"line":37,"column":72}}],"line":23},"1":{"loc":{"start":{"line":23,"column":8},"end":{"line":23,"column":52}},"type":"binary-expr","locations":[{"start":{"line":23,"column":8},"end":{"line":23,"column":16}},{"start":{"line":23,"column":20},"end":{"line":23,"column":52}}],"line":23}},"s":{"0":1,"1":1,"2":2,"3":1,"4":1,"5":1,"6":1,"7":0,"8":0,"9":0,"10":0,"11":0,"12":0,"13":1,"14":0,"15":0,"16":0,"17":0,"18":0,"19":0,"20":1},"f":{"0":2,"1":1,"2":1,"3":0,"4":0,"5":0,"6":0,"7":0,"8":0,"9":0,"10":0},"b":{"0":[0,0],"1":[0,0]},"_coverageSchema":"1a1c01bbd47fc00a2c39e90264f33305004495a9","hash":"55e94598f46ae31a0faa94c9378d5db85878e9bd"}
,"C:\\Users\\Pablo\\Code-Workspace\\PsiHouse\\mock\\tareaMock.js": {"path":"C:\\Users\\Pablo\\Code-Workspace\\PsiHouse\\mock\\tareaMock.js","statementMap":{"0":{"start":{"line":1,"column":18},"end":{"line":9,"column":1}},"1":{"start":{"line":11,"column":0},"end":{"line":11,"column":26}}},"fnMap":{},"branchMap":{},"s":{"0":1,"1":1},"f":{},"b":{},"_coverageSchema":"1a1c01bbd47fc00a2c39e90264f33305004495a9","hash":"0006cd1cbe46909dd603adb4aba9901d143d1523"}
,"C:\\Users\\Pablo\\Code-Workspace\\PsiHouse\\models\\tarea.model.js": {"path":"C:\\Users\\Pablo\\Code-Workspace\\PsiHouse\\models\\tarea.model.js","statementMap":{"0":{"start":{"line":1,"column":17},"end":{"line":1,"column":36}},"1":{"start":{"line":3,"column":15},"end":{"line":3,"column":30}},"2":{"start":{"line":5,"column":20},"end":{"line":10,"column":2}},"3":{"start":{"line":12,"column":0},"end":{"line":12,"column":54}}},"fnMap":{},"branchMap":{},"s":{"0":1,"1":1,"2":1,"3":1},"f":{},"b":{},"_coverageSchema":"1a1c01bbd47fc00a2c39e90264f33305004495a9","hash":"52eb6c8298b08c681028f7550a1257b2713187fb"}
}
