{"C:\\Users\\Pablo\\Code-Workspace\\PsiHouse\\app.js": {"path":"C:\\Users\\Pablo\\Code-Workspace\\PsiHouse\\app.js","statementMap":{"0":{"start":{"line":2,"column":16},"end":{"line":2,"column":34}},"1":{"start":{"line":3,"column":19},"end":{"line":3,"column":41}},"2":{"start":{"line":4,"column":13},"end":{"line":4,"column":28}},"3":{"start":{"line":9,"column":12},"end":{"line":9,"column":21}},"4":{"start":{"line":11,"column":0},"end":{"line":11,"column":52}},"5":{"start":{"line":12,"column":0},"end":{"line":12,"column":27}},"6":{"start":{"line":15,"column":0},"end":{"line":15,"column":16}},"7":{"start":{"line":18,"column":18},"end":{"line":18,"column":51}},"8":{"start":{"line":19,"column":0},"end":{"line":19,"column":24}},"9":{"start":{"line":23,"column":0},"end":{"line":23,"column":21}}},"fnMap":{},"branchMap":{},"s":{"0":3,"1":3,"2":3,"3":3,"4":3,"5":3,"6":3,"7":3,"8":3,"9":3},"f":{},"b":{},"_coverageSchema":"1a1c01bbd47fc00a2c39e90264f33305004495a9","hash":"088af8a8798d9d2e9bccf3ae3f3718dcb3db7c7d"}
,"C:\\Users\\Pablo\\Code-Workspace\\PsiHouse\\controllers\\compartidoController.js": {"path":"C:\\Users\\Pablo\\Code-Workspace\\PsiHouse\\controllers\\compartidoController.js","statementMap":{"0":{"start":{"line":1,"column":19},"end":{"line":1,"column":56}},"1":{"start":{"line":3,"column":12},"end":{"line":21,"column":1}},"2":{"start":{"line":7,"column":13},"end":{"line":7,"column":26}},"3":{"start":{"line":8,"column":4},"end":{"line":20,"column":6}},"4":{"start":{"line":11,"column":4},"end":{"line":14,"column":7}},"5":{"start":{"line":16,"column":4},"end":{"line":19,"column":7}},"6":{"start":{"line":23,"column":15},"end":{"line":42,"column":1}},"7":{"start":{"line":24,"column":4},"end":{"line":41,"column":77}},"8":{"start":{"line":25,"column":25},"end":{"line":28,"column":10}},"9":{"start":{"line":29,"column":8},"end":{"line":40,"column":10}},"10":{"start":{"line":30,"column":12},"end":{"line":33,"column":15}},"11":{"start":{"line":36,"column":12},"end":{"line":39,"column":14}},"12":{"start":{"line":41,"column":11},"end":{"line":41,"column":77}},"13":{"start":{"line":44,"column":23},"end":{"line":66,"column":1}},"14":{"start":{"line":45,"column":4},"end":{"line":65,"column":6}},"15":{"start":{"line":46,"column":8},"end":{"line":46,"column":44}},"16":{"start":{"line":47,"column":8},"end":{"line":58,"column":11}},"17":{"start":{"line":48,"column":12},"end":{"line":51,"column":15}},"18":{"start":{"line":54,"column":12},"end":{"line":57,"column":14}},"19":{"start":{"line":61,"column":8},"end":{"line":64,"column":10}},"20":{"start":{"line":68,"column":0},"end":{"line":68,"column":46}}},"fnMap":{"0":{"name":"(anonymous_0)","decl":{"start":{"line":3,"column":12},"end":{"line":3,"column":13}},"loc":{"start":{"line":3,"column":26},"end":{"line":21,"column":1}},"line":3},"1":{"name":"(anonymous_1)","decl":{"start":{"line":10,"column":12},"end":{"line":10,"column":13}},"loc":{"start":{"line":10,"column":28},"end":{"line":15,"column":4}},"line":10},"2":{"name":"(anonymous_2)","decl":{"start":{"line":15,"column":12},"end":{"line":15,"column":13}},"loc":{"start":{"line":15,"column":21},"end":{"line":20,"column":4}},"line":15},"3":{"name":"(anonymous_3)","decl":{"start":{"line":23,"column":15},"end":{"line":23,"column":16}},"loc":{"start":{"line":23,"column":29},"end":{"line":42,"column":1}},"line":23},"4":{"name":"(anonymous_4)","decl":{"start":{"line":29,"column":31},"end":{"line":29,"column":32}},"loc":{"start":{"line":29,"column":37},"end":{"line":34,"column":9}},"line":29},"5":{"name":"(anonymous_5)","decl":{"start":{"line":35,"column":15},"end":{"line":35,"column":16}},"loc":{"start":{"line":35,"column":24},"end":{"line":40,"column":9}},"line":35},"6":{"name":"(anonymous_6)","decl":{"start":{"line":44,"column":23},"end":{"line":44,"column":24}},"loc":{"start":{"line":44,"column":37},"end":{"line":66,"column":1}},"line":44},"7":{"name":"(anonymous_7)","decl":{"start":{"line":45,"column":43},"end":{"line":45,"column":44}},"loc":{"start":{"line":45,"column":59},"end":{"line":59,"column":5}},"line":45},"8":{"name":"(anonymous_8)","decl":{"start":{"line":47,"column":31},"end":{"line":47,"column":32}},"loc":{"start":{"line":47,"column":37},"end":{"line":52,"column":9}},"line":47},"9":{"name":"(anonymous_9)","decl":{"start":{"line":53,"column":15},"end":{"line":53,"column":16}},"loc":{"start":{"line":53,"column":24},"end":{"line":58,"column":9}},"line":53},"10":{"name":"(anonymous_10)","decl":{"start":{"line":60,"column":11},"end":{"line":60,"column":12}},"loc":{"start":{"line":60,"column":20},"end":{"line":65,"column":5}},"line":60}},"branchMap":{"0":{"loc":{"start":{"line":24,"column":4},"end":{"line":41,"column":77}},"type":"if","locations":[{"start":{"line":24,"column":4},"end":{"line":41,"column":77}},{"start":{"line":41,"column":11},"end":{"line":41,"column":77}}],"line":24},"1":{"loc":{"start":{"line":24,"column":8},"end":{"line":24,"column":52}},"type":"binary-expr","locations":[{"start":{"line":24,"column":8},"end":{"line":24,"column":16}},{"start":{"line":24,"column":20},"end":{"line":24,"column":52}}],"line":24}},"s":{"0":3,"1":3,"2":0,"3":0,"4":0,"5":0,"6":3,"7":0,"8":0,"9":0,"10":0,"11":0,"12":0,"13":3,"14":0,"15":0,"16":0,"17":0,"18":0,"19":0,"20":3},"f":{"0":0,"1":0,"2":0,"3":0,"4":0,"5":0,"6":0,"7":0,"8":0,"9":0,"10":0},"b":{"0":[0,0],"1":[0,0]},"_coverageSchema":"1a1c01bbd47fc00a2c39e90264f33305004495a9","hash":"fd0b0cd5ffebbbd62fef6bd179c3aa4bbdd4c37a"}
,"C:\\Users\\Pablo\\Code-Workspace\\PsiHouse\\controllers\\conceptualizacionController.js": {"path":"C:\\Users\\Pablo\\Code-Workspace\\PsiHouse\\controllers\\conceptualizacionController.js","statementMap":{"0":{"start":{"line":1,"column":26},"end":{"line":1,"column":70}},"1":{"start":{"line":3,"column":12},"end":{"line":21,"column":1}},"2":{"start":{"line":7,"column":13},"end":{"line":7,"column":26}},"3":{"start":{"line":8,"column":4},"end":{"line":20,"column":6}},"4":{"start":{"line":11,"column":4},"end":{"line":14,"column":7}},"5":{"start":{"line":16,"column":4},"end":{"line":19,"column":7}},"6":{"start":{"line":23,"column":15},"end":{"line":42,"column":1}},"7":{"start":{"line":24,"column":4},"end":{"line":41,"column":84}},"8":{"start":{"line":25,"column":32},"end":{"line":28,"column":10}},"9":{"start":{"line":29,"column":8},"end":{"line":40,"column":10}},"10":{"start":{"line":30,"column":12},"end":{"line":33,"column":15}},"11":{"start":{"line":36,"column":12},"end":{"line":39,"column":14}},"12":{"start":{"line":41,"column":11},"end":{"line":41,"column":84}},"13":{"start":{"line":44,"column":30},"end":{"line":66,"column":1}},"14":{"start":{"line":45,"column":4},"end":{"line":65,"column":6}},"15":{"start":{"line":46,"column":8},"end":{"line":46,"column":51}},"16":{"start":{"line":47,"column":8},"end":{"line":58,"column":11}},"17":{"start":{"line":48,"column":12},"end":{"line":51,"column":15}},"18":{"start":{"line":54,"column":12},"end":{"line":57,"column":14}},"19":{"start":{"line":61,"column":8},"end":{"line":64,"column":10}},"20":{"start":{"line":68,"column":0},"end":{"line":68,"column":53}}},"fnMap":{"0":{"name":"(anonymous_0)","decl":{"start":{"line":3,"column":12},"end":{"line":3,"column":13}},"loc":{"start":{"line":3,"column":26},"end":{"line":21,"column":1}},"line":3},"1":{"name":"(anonymous_1)","decl":{"start":{"line":10,"column":11},"end":{"line":10,"column":12}},"loc":{"start":{"line":10,"column":34},"end":{"line":15,"column":4}},"line":10},"2":{"name":"(anonymous_2)","decl":{"start":{"line":15,"column":12},"end":{"line":15,"column":13}},"loc":{"start":{"line":15,"column":21},"end":{"line":20,"column":4}},"line":15},"3":{"name":"(anonymous_3)","decl":{"start":{"line":23,"column":15},"end":{"line":23,"column":16}},"loc":{"start":{"line":23,"column":29},"end":{"line":42,"column":1}},"line":23},"4":{"name":"(anonymous_4)","decl":{"start":{"line":29,"column":38},"end":{"line":29,"column":39}},"loc":{"start":{"line":29,"column":44},"end":{"line":34,"column":9}},"line":29},"5":{"name":"(anonymous_5)","decl":{"start":{"line":35,"column":15},"end":{"line":35,"column":16}},"loc":{"start":{"line":35,"column":24},"end":{"line":40,"column":9}},"line":35},"6":{"name":"(anonymous_6)","decl":{"start":{"line":44,"column":30},"end":{"line":44,"column":31}},"loc":{"start":{"line":44,"column":44},"end":{"line":66,"column":1}},"line":44},"7":{"name":"(anonymous_7)","decl":{"start":{"line":45,"column":50},"end":{"line":45,"column":51}},"loc":{"start":{"line":45,"column":73},"end":{"line":59,"column":5}},"line":45},"8":{"name":"(anonymous_8)","decl":{"start":{"line":47,"column":38},"end":{"line":47,"column":39}},"loc":{"start":{"line":47,"column":44},"end":{"line":52,"column":9}},"line":47},"9":{"name":"(anonymous_9)","decl":{"start":{"line":53,"column":15},"end":{"line":53,"column":16}},"loc":{"start":{"line":53,"column":24},"end":{"line":58,"column":9}},"line":53},"10":{"name":"(anonymous_10)","decl":{"start":{"line":60,"column":11},"end":{"line":60,"column":12}},"loc":{"start":{"line":60,"column":20},"end":{"line":65,"column":5}},"line":60}},"branchMap":{"0":{"loc":{"start":{"line":24,"column":4},"end":{"line":41,"column":84}},"type":"if","locations":[{"start":{"line":24,"column":4},"end":{"line":41,"column":84}},{"start":{"line":41,"column":11},"end":{"line":41,"column":84}}],"line":24},"1":{"loc":{"start":{"line":24,"column":8},"end":{"line":24,"column":52}},"type":"binary-expr","locations":[{"start":{"line":24,"column":8},"end":{"line":24,"column":16}},{"start":{"line":24,"column":20},"end":{"line":24,"column":52}}],"line":24}},"s":{"0":3,"1":3,"2":0,"3":0,"4":0,"5":0,"6":3,"7":0,"8":0,"9":0,"10":0,"11":0,"12":0,"13":3,"14":0,"15":0,"16":0,"17":0,"18":0,"19":0,"20":3},"f":{"0":0,"1":0,"2":0,"3":0,"4":0,"5":0,"6":0,"7":0,"8":0,"9":0,"10":0},"b":{"0":[0,0],"1":[0,0]},"_coverageSchema":"1a1c01bbd47fc00a2c39e90264f33305004495a9","hash":"81e92624a10905b4e2305472cb162956c7409a7f"}
,"C:\\Users\\Pablo\\Code-Workspace\\PsiHouse\\controllers\\historiaController.js": {"path":"C:\\Users\\Pablo\\Code-Workspace\\PsiHouse\\controllers\\historiaController.js","statementMap":{"0":{"start":{"line":1,"column":18},"end":{"line":1,"column":53}},"1":{"start":{"line":3,"column":12},"end":{"line":21,"column":1}},"2":{"start":{"line":7,"column":13},"end":{"line":7,"column":26}},"3":{"start":{"line":8,"column":4},"end":{"line":20,"column":7}},"4":{"start":{"line":11,"column":8},"end":{"line":14,"column":11}},"5":{"start":{"line":16,"column":8},"end":{"line":19,"column":11}},"6":{"start":{"line":23,"column":15},"end":{"line":42,"column":1}},"7":{"start":{"line":24,"column":4},"end":{"line":41,"column":75}},"8":{"start":{"line":25,"column":23},"end":{"line":28,"column":10}},"9":{"start":{"line":29,"column":8},"end":{"line":40,"column":10}},"10":{"start":{"line":30,"column":12},"end":{"line":33,"column":15}},"11":{"start":{"line":36,"column":12},"end":{"line":39,"column":14}},"12":{"start":{"line":41,"column":11},"end":{"line":41,"column":75}},"13":{"start":{"line":44,"column":21},"end":{"line":66,"column":1}},"14":{"start":{"line":45,"column":4},"end":{"line":65,"column":6}},"15":{"start":{"line":46,"column":8},"end":{"line":46,"column":42}},"16":{"start":{"line":47,"column":8},"end":{"line":58,"column":11}},"17":{"start":{"line":48,"column":12},"end":{"line":51,"column":15}},"18":{"start":{"line":54,"column":12},"end":{"line":57,"column":14}},"19":{"start":{"line":61,"column":8},"end":{"line":64,"column":10}},"20":{"start":{"line":68,"column":0},"end":{"line":68,"column":44}}},"fnMap":{"0":{"name":"(anonymous_0)","decl":{"start":{"line":3,"column":12},"end":{"line":3,"column":13}},"loc":{"start":{"line":3,"column":26},"end":{"line":21,"column":1}},"line":3},"1":{"name":"(anonymous_1)","decl":{"start":{"line":10,"column":12},"end":{"line":10,"column":13}},"loc":{"start":{"line":10,"column":26},"end":{"line":15,"column":5}},"line":10},"2":{"name":"(anonymous_2)","decl":{"start":{"line":15,"column":13},"end":{"line":15,"column":14}},"loc":{"start":{"line":15,"column":22},"end":{"line":20,"column":5}},"line":15},"3":{"name":"(anonymous_3)","decl":{"start":{"line":23,"column":15},"end":{"line":23,"column":16}},"loc":{"start":{"line":23,"column":29},"end":{"line":42,"column":1}},"line":23},"4":{"name":"(anonymous_4)","decl":{"start":{"line":29,"column":29},"end":{"line":29,"column":30}},"loc":{"start":{"line":29,"column":35},"end":{"line":34,"column":9}},"line":29},"5":{"name":"(anonymous_5)","decl":{"start":{"line":35,"column":15},"end":{"line":35,"column":16}},"loc":{"start":{"line":35,"column":24},"end":{"line":40,"column":9}},"line":35},"6":{"name":"(anonymous_6)","decl":{"start":{"line":44,"column":21},"end":{"line":44,"column":22}},"loc":{"start":{"line":44,"column":35},"end":{"line":66,"column":1}},"line":44},"7":{"name":"(anonymous_7)","decl":{"start":{"line":45,"column":42},"end":{"line":45,"column":43}},"loc":{"start":{"line":45,"column":56},"end":{"line":59,"column":5}},"line":45},"8":{"name":"(anonymous_8)","decl":{"start":{"line":47,"column":29},"end":{"line":47,"column":30}},"loc":{"start":{"line":47,"column":35},"end":{"line":52,"column":9}},"line":47},"9":{"name":"(anonymous_9)","decl":{"start":{"line":53,"column":15},"end":{"line":53,"column":16}},"loc":{"start":{"line":53,"column":24},"end":{"line":58,"column":9}},"line":53},"10":{"name":"(anonymous_10)","decl":{"start":{"line":60,"column":11},"end":{"line":60,"column":12}},"loc":{"start":{"line":60,"column":20},"end":{"line":65,"column":5}},"line":60}},"branchMap":{"0":{"loc":{"start":{"line":24,"column":4},"end":{"line":41,"column":75}},"type":"if","locations":[{"start":{"line":24,"column":4},"end":{"line":41,"column":75}},{"start":{"line":41,"column":11},"end":{"line":41,"column":75}}],"line":24},"1":{"loc":{"start":{"line":24,"column":8},"end":{"line":24,"column":52}},"type":"binary-expr","locations":[{"start":{"line":24,"column":8},"end":{"line":24,"column":16}},{"start":{"line":24,"column":20},"end":{"line":24,"column":52}}],"line":24}},"s":{"0":3,"1":3,"2":0,"3":0,"4":0,"5":0,"6":3,"7":0,"8":0,"9":0,"10":0,"11":0,"12":0,"13":3,"14":0,"15":0,"16":0,"17":0,"18":0,"19":0,"20":3},"f":{"0":0,"1":0,"2":0,"3":0,"4":0,"5":0,"6":0,"7":0,"8":0,"9":0,"10":0},"b":{"0":[0,0],"1":[0,0]},"_coverageSchema":"1a1c01bbd47fc00a2c39e90264f33305004495a9","hash":"b07a304575811653172e60e104f8a134bdf8d345"}
,"C:\\Users\\Pablo\\Code-Workspace\\PsiHouse\\controllers\\notasController.js": {"path":"C:\\Users\\Pablo\\Code-Workspace\\PsiHouse\\controllers\\notasController.js","statementMap":{"0":{"start":{"line":1,"column":14},"end":{"line":1,"column":46}},"1":{"start":{"line":3,"column":12},"end":{"line":21,"column":1}},"2":{"start":{"line":7,"column":12},"end":{"line":7,"column":25}},"3":{"start":{"line":8,"column":3},"end":{"line":20,"column":6}},"4":{"start":{"line":11,"column":4},"end":{"line":14,"column":7}},"5":{"start":{"line":16,"column":4},"end":{"line":19,"column":7}},"6":{"start":{"line":23,"column":15},"end":{"line":43,"column":1}},"7":{"start":{"line":24,"column":4},"end":{"line":42,"column":71}},"8":{"start":{"line":25,"column":19},"end":{"line":29,"column":10}},"9":{"start":{"line":30,"column":8},"end":{"line":41,"column":10}},"10":{"start":{"line":31,"column":12},"end":{"line":34,"column":15}},"11":{"start":{"line":37,"column":12},"end":{"line":40,"column":14}},"12":{"start":{"line":42,"column":11},"end":{"line":42,"column":71}},"13":{"start":{"line":45,"column":17},"end":{"line":67,"column":1}},"14":{"start":{"line":46,"column":4},"end":{"line":66,"column":6}},"15":{"start":{"line":47,"column":8},"end":{"line":47,"column":38}},"16":{"start":{"line":48,"column":8},"end":{"line":59,"column":11}},"17":{"start":{"line":49,"column":12},"end":{"line":52,"column":15}},"18":{"start":{"line":55,"column":12},"end":{"line":58,"column":14}},"19":{"start":{"line":62,"column":8},"end":{"line":65,"column":10}},"20":{"start":{"line":70,"column":0},"end":{"line":70,"column":40}}},"fnMap":{"0":{"name":"(anonymous_0)","decl":{"start":{"line":3,"column":12},"end":{"line":3,"column":13}},"loc":{"start":{"line":3,"column":26},"end":{"line":21,"column":1}},"line":3},"1":{"name":"(anonymous_1)","decl":{"start":{"line":10,"column":11},"end":{"line":10,"column":12}},"loc":{"start":{"line":10,"column":22},"end":{"line":15,"column":4}},"line":10},"2":{"name":"(anonymous_2)","decl":{"start":{"line":15,"column":12},"end":{"line":15,"column":13}},"loc":{"start":{"line":15,"column":21},"end":{"line":20,"column":4}},"line":15},"3":{"name":"(anonymous_3)","decl":{"start":{"line":23,"column":15},"end":{"line":23,"column":16}},"loc":{"start":{"line":23,"column":29},"end":{"line":43,"column":1}},"line":23},"4":{"name":"(anonymous_4)","decl":{"start":{"line":30,"column":25},"end":{"line":30,"column":26}},"loc":{"start":{"line":30,"column":31},"end":{"line":35,"column":9}},"line":30},"5":{"name":"(anonymous_5)","decl":{"start":{"line":36,"column":15},"end":{"line":36,"column":16}},"loc":{"start":{"line":36,"column":24},"end":{"line":41,"column":9}},"line":36},"6":{"name":"(anonymous_6)","decl":{"start":{"line":45,"column":17},"end":{"line":45,"column":18}},"loc":{"start":{"line":45,"column":31},"end":{"line":67,"column":1}},"line":45},"7":{"name":"(anonymous_7)","decl":{"start":{"line":46,"column":38},"end":{"line":46,"column":39}},"loc":{"start":{"line":46,"column":48},"end":{"line":60,"column":5}},"line":46},"8":{"name":"(anonymous_8)","decl":{"start":{"line":48,"column":25},"end":{"line":48,"column":26}},"loc":{"start":{"line":48,"column":31},"end":{"line":53,"column":9}},"line":48},"9":{"name":"(anonymous_9)","decl":{"start":{"line":54,"column":15},"end":{"line":54,"column":16}},"loc":{"start":{"line":54,"column":24},"end":{"line":59,"column":9}},"line":54},"10":{"name":"(anonymous_10)","decl":{"start":{"line":61,"column":11},"end":{"line":61,"column":12}},"loc":{"start":{"line":61,"column":20},"end":{"line":66,"column":5}},"line":61}},"branchMap":{"0":{"loc":{"start":{"line":24,"column":4},"end":{"line":42,"column":71}},"type":"if","locations":[{"start":{"line":24,"column":4},"end":{"line":42,"column":71}},{"start":{"line":42,"column":11},"end":{"line":42,"column":71}}],"line":24},"1":{"loc":{"start":{"line":24,"column":8},"end":{"line":24,"column":52}},"type":"binary-expr","locations":[{"start":{"line":24,"column":8},"end":{"line":24,"column":16}},{"start":{"line":24,"column":20},"end":{"line":24,"column":52}}],"line":24}},"s":{"0":3,"1":3,"2":0,"3":0,"4":0,"5":0,"6":3,"7":0,"8":0,"9":0,"10":0,"11":0,"12":0,"13":3,"14":0,"15":0,"16":0,"17":0,"18":0,"19":0,"20":3},"f":{"0":0,"1":0,"2":0,"3":0,"4":0,"5":0,"6":0,"7":0,"8":0,"9":0,"10":0},"b":{"0":[0,0],"1":[0,0]},"_coverageSchema":"1a1c01bbd47fc00a2c39e90264f33305004495a9","hash":"28559951bb3db3ca6d40897b3fa081bc2634a79a"}
,"C:\\Users\\Pablo\\Code-Workspace\\PsiHouse\\controllers\\pacienteController.js": {"path":"C:\\Users\\Pablo\\Code-Workspace\\PsiHouse\\controllers\\pacienteController.js","statementMap":{"0":{"start":{"line":1,"column":18},"end":{"line":1,"column":36}},"1":{"start":{"line":2,"column":17},"end":{"line":2,"column":52}},"2":{"start":{"line":4,"column":12},"end":{"line":28,"column":1}},"3":{"start":{"line":8,"column":20},"end":{"line":8,"column":33}},"4":{"start":{"line":9,"column":17},"end":{"line":11,"column":6}},"5":{"start":{"line":12,"column":26},"end":{"line":12,"column":44}},"6":{"start":{"line":13,"column":3},"end":{"line":27,"column":61}},"7":{"start":{"line":14,"column":4},"end":{"line":26,"column":10}},"8":{"start":{"line":17,"column":8},"end":{"line":20,"column":11}},"9":{"start":{"line":22,"column":8},"end":{"line":25,"column":11}},"10":{"start":{"line":27,"column":10},"end":{"line":27,"column":61}},"11":{"start":{"line":30,"column":20},"end":{"line":44,"column":1}},"12":{"start":{"line":31,"column":13},"end":{"line":31,"column":26}},"13":{"start":{"line":32,"column":8},"end":{"line":43,"column":11}},"14":{"start":{"line":33,"column":12},"end":{"line":36,"column":15}},"15":{"start":{"line":39,"column":12},"end":{"line":42,"column":15}},"16":{"start":{"line":46,"column":15},"end":{"line":70,"column":1}},"17":{"start":{"line":47,"column":18},"end":{"line":49,"column":6}},"18":{"start":{"line":50,"column":26},"end":{"line":50,"column":44}},"19":{"start":{"line":51,"column":4},"end":{"line":68,"column":77}},"20":{"start":{"line":52,"column":8},"end":{"line":67,"column":79}},"21":{"start":{"line":53,"column":27},"end":{"line":53,"column":49}},"22":{"start":{"line":54,"column":12},"end":{"line":54,"column":27}},"23":{"start":{"line":55,"column":12},"end":{"line":66,"column":14}},"24":{"start":{"line":56,"column":16},"end":{"line":59,"column":19}},"25":{"start":{"line":62,"column":16},"end":{"line":65,"column":18}},"26":{"start":{"line":67,"column":15},"end":{"line":67,"column":79}},"27":{"start":{"line":68,"column":11},"end":{"line":68,"column":77}},"28":{"start":{"line":73,"column":21},"end":{"line":96,"column":1}},"29":{"start":{"line":74,"column":4},"end":{"line":74,"column":22}},"30":{"start":{"line":75,"column":4},"end":{"line":95,"column":6}},"31":{"start":{"line":76,"column":8},"end":{"line":76,"column":42}},"32":{"start":{"line":77,"column":8},"end":{"line":88,"column":11}},"33":{"start":{"line":78,"column":12},"end":{"line":81,"column":15}},"34":{"start":{"line":84,"column":12},"end":{"line":87,"column":14}},"35":{"start":{"line":91,"column":8},"end":{"line":94,"column":10}},"36":{"start":{"line":99,"column":0},"end":{"line":99,"column":58}}},"fnMap":{"0":{"name":"(anonymous_0)","decl":{"start":{"line":4,"column":12},"end":{"line":4,"column":13}},"loc":{"start":{"line":4,"column":32},"end":{"line":28,"column":1}},"line":4},"1":{"name":"(anonymous_1)","decl":{"start":{"line":16,"column":16},"end":{"line":16,"column":17}},"loc":{"start":{"line":16,"column":31},"end":{"line":21,"column":8}},"line":16},"2":{"name":"(anonymous_2)","decl":{"start":{"line":21,"column":16},"end":{"line":21,"column":17}},"loc":{"start":{"line":21,"column":25},"end":{"line":26,"column":8}},"line":21},"3":{"name":"(anonymous_3)","decl":{"start":{"line":30,"column":20},"end":{"line":30,"column":21}},"loc":{"start":{"line":30,"column":34},"end":{"line":44,"column":1}},"line":30},"4":{"name":"(anonymous_4)","decl":{"start":{"line":32,"column":35},"end":{"line":32,"column":36}},"loc":{"start":{"line":32,"column":49},"end":{"line":37,"column":9}},"line":32},"5":{"name":"(anonymous_5)","decl":{"start":{"line":38,"column":15},"end":{"line":38,"column":16}},"loc":{"start":{"line":38,"column":22},"end":{"line":43,"column":9}},"line":38},"6":{"name":"(anonymous_6)","decl":{"start":{"line":46,"column":15},"end":{"line":46,"column":16}},"loc":{"start":{"line":46,"column":35},"end":{"line":70,"column":1}},"line":46},"7":{"name":"(anonymous_7)","decl":{"start":{"line":55,"column":33},"end":{"line":55,"column":34}},"loc":{"start":{"line":55,"column":39},"end":{"line":60,"column":13}},"line":55},"8":{"name":"(anonymous_8)","decl":{"start":{"line":61,"column":19},"end":{"line":61,"column":20}},"loc":{"start":{"line":61,"column":28},"end":{"line":66,"column":13}},"line":61},"9":{"name":"(anonymous_9)","decl":{"start":{"line":73,"column":21},"end":{"line":73,"column":22}},"loc":{"start":{"line":73,"column":35},"end":{"line":96,"column":1}},"line":73},"10":{"name":"(anonymous_10)","decl":{"start":{"line":75,"column":31},"end":{"line":75,"column":32}},"loc":{"start":{"line":75,"column":45},"end":{"line":89,"column":5}},"line":75},"11":{"name":"(anonymous_11)","decl":{"start":{"line":77,"column":29},"end":{"line":77,"column":30}},"loc":{"start":{"line":77,"column":35},"end":{"line":82,"column":9}},"line":77},"12":{"name":"(anonymous_12)","decl":{"start":{"line":83,"column":15},"end":{"line":83,"column":16}},"loc":{"start":{"line":83,"column":24},"end":{"line":88,"column":9}},"line":83},"13":{"name":"(anonymous_13)","decl":{"start":{"line":90,"column":11},"end":{"line":90,"column":12}},"loc":{"start":{"line":90,"column":20},"end":{"line":95,"column":5}},"line":90}},"branchMap":{"0":{"loc":{"start":{"line":13,"column":3},"end":{"line":27,"column":61}},"type":"if","locations":[{"start":{"line":13,"column":3},"end":{"line":27,"column":61}},{"start":{"line":27,"column":10},"end":{"line":27,"column":61}}],"line":13},"1":{"loc":{"start":{"line":51,"column":4},"end":{"line":68,"column":77}},"type":"if","locations":[{"start":{"line":51,"column":4},"end":{"line":68,"column":77}},{"start":{"line":68,"column":11},"end":{"line":68,"column":77}}],"line":51},"2":{"loc":{"start":{"line":52,"column":8},"end":{"line":67,"column":79}},"type":"if","locations":[{"start":{"line":52,"column":8},"end":{"line":67,"column":79}},{"start":{"line":67,"column":15},"end":{"line":67,"column":79}}],"line":52},"3":{"loc":{"start":{"line":52,"column":12},"end":{"line":52,"column":56}},"type":"binary-expr","locations":[{"start":{"line":52,"column":12},"end":{"line":52,"column":20}},{"start":{"line":52,"column":24},"end":{"line":52,"column":56}}],"line":52}},"s":{"0":3,"1":3,"2":3,"3":0,"4":0,"5":0,"6":0,"7":0,"8":0,"9":0,"10":0,"11":3,"12":0,"13":0,"14":0,"15":0,"16":3,"17":0,"18":0,"19":0,"20":0,"21":0,"22":0,"23":0,"24":0,"25":0,"26":0,"27":0,"28":3,"29":0,"30":0,"31":0,"32":0,"33":0,"34":0,"35":0,"36":3},"f":{"0":0,"1":0,"2":0,"3":0,"4":0,"5":0,"6":0,"7":0,"8":0,"9":0,"10":0,"11":0,"12":0,"13":0},"b":{"0":[0,0],"1":[0,0],"2":[0,0],"3":[0,0]},"_coverageSchema":"1a1c01bbd47fc00a2c39e90264f33305004495a9","hash":"22db279a9235ef256323d63ad238553854c0bd97"}
,"C:\\Users\\Pablo\\Code-Workspace\\PsiHouse\\controllers\\pagoController.js": {"path":"C:\\Users\\Pablo\\Code-Workspace\\PsiHouse\\controllers\\pagoController.js","statementMap":{"0":{"start":{"line":1,"column":17},"end":{"line":1,"column":39}},"1":{"start":{"line":2,"column":14},"end":{"line":2,"column":46}},"2":{"start":{"line":3,"column":17},"end":{"line":3,"column":36}},"3":{"start":{"line":5,"column":12},"end":{"line":42,"column":1}},"4":{"start":{"line":9,"column":21},"end":{"line":9,"column":34}},"5":{"start":{"line":10,"column":18},"end":{"line":12,"column":7}},"6":{"start":{"line":13,"column":27},"end":{"line":13,"column":45}},"7":{"start":{"line":14,"column":15},"end":{"line":14,"column":50}},"8":{"start":{"line":15,"column":4},"end":{"line":41,"column":5}},"9":{"start":{"line":16,"column":8},"end":{"line":34,"column":10}},"10":{"start":{"line":30,"column":12},"end":{"line":33,"column":14}},"11":{"start":{"line":45,"column":25},"end":{"line":64,"column":1}},"12":{"start":{"line":49,"column":12},"end":{"line":49,"column":25}},"13":{"start":{"line":50,"column":3},"end":{"line":57,"column":5}},"14":{"start":{"line":53,"column":4},"end":{"line":56,"column":7}},"15":{"start":{"line":66,"column":15},"end":{"line":86,"column":1}},"16":{"start":{"line":67,"column":4},"end":{"line":85,"column":71}},"17":{"start":{"line":68,"column":19},"end":{"line":72,"column":10}},"18":{"start":{"line":73,"column":8},"end":{"line":84,"column":10}},"19":{"start":{"line":74,"column":12},"end":{"line":77,"column":15}},"20":{"start":{"line":80,"column":12},"end":{"line":83,"column":14}},"21":{"start":{"line":85,"column":11},"end":{"line":85,"column":71}},"22":{"start":{"line":88,"column":17},"end":{"line":110,"column":1}},"23":{"start":{"line":89,"column":4},"end":{"line":109,"column":6}},"24":{"start":{"line":90,"column":8},"end":{"line":90,"column":38}},"25":{"start":{"line":91,"column":8},"end":{"line":102,"column":11}},"26":{"start":{"line":92,"column":12},"end":{"line":95,"column":15}},"27":{"start":{"line":98,"column":12},"end":{"line":101,"column":14}},"28":{"start":{"line":105,"column":8},"end":{"line":108,"column":10}},"29":{"start":{"line":113,"column":0},"end":{"line":113,"column":58}}},"fnMap":{"0":{"name":"(anonymous_0)","decl":{"start":{"line":5,"column":12},"end":{"line":5,"column":13}},"loc":{"start":{"line":5,"column":32},"end":{"line":42,"column":1}},"line":5},"1":{"name":"(anonymous_1)","decl":{"start":{"line":29,"column":14},"end":{"line":29,"column":15}},"loc":{"start":{"line":29,"column":22},"end":{"line":34,"column":9}},"line":29},"2":{"name":"(anonymous_2)","decl":{"start":{"line":45,"column":25},"end":{"line":45,"column":26}},"loc":{"start":{"line":45,"column":39},"end":{"line":64,"column":1}},"line":45},"3":{"name":"(anonymous_3)","decl":{"start":{"line":52,"column":11},"end":{"line":52,"column":12}},"loc":{"start":{"line":52,"column":22},"end":{"line":57,"column":4}},"line":52},"4":{"name":"(anonymous_4)","decl":{"start":{"line":66,"column":15},"end":{"line":66,"column":16}},"loc":{"start":{"line":66,"column":29},"end":{"line":86,"column":1}},"line":66},"5":{"name":"(anonymous_5)","decl":{"start":{"line":73,"column":25},"end":{"line":73,"column":26}},"loc":{"start":{"line":73,"column":31},"end":{"line":78,"column":9}},"line":73},"6":{"name":"(anonymous_6)","decl":{"start":{"line":79,"column":15},"end":{"line":79,"column":16}},"loc":{"start":{"line":79,"column":24},"end":{"line":84,"column":9}},"line":79},"7":{"name":"(anonymous_7)","decl":{"start":{"line":88,"column":17},"end":{"line":88,"column":18}},"loc":{"start":{"line":88,"column":31},"end":{"line":110,"column":1}},"line":88},"8":{"name":"(anonymous_8)","decl":{"start":{"line":89,"column":38},"end":{"line":89,"column":39}},"loc":{"start":{"line":89,"column":48},"end":{"line":103,"column":5}},"line":89},"9":{"name":"(anonymous_9)","decl":{"start":{"line":91,"column":25},"end":{"line":91,"column":26}},"loc":{"start":{"line":91,"column":31},"end":{"line":96,"column":9}},"line":91},"10":{"name":"(anonymous_10)","decl":{"start":{"line":97,"column":15},"end":{"line":97,"column":16}},"loc":{"start":{"line":97,"column":24},"end":{"line":102,"column":9}},"line":97},"11":{"name":"(anonymous_11)","decl":{"start":{"line":104,"column":11},"end":{"line":104,"column":12}},"loc":{"start":{"line":104,"column":20},"end":{"line":109,"column":5}},"line":104}},"branchMap":{"0":{"loc":{"start":{"line":15,"column":4},"end":{"line":41,"column":5}},"type":"if","locations":[{"start":{"line":15,"column":4},"end":{"line":41,"column":5}},{"start":{},"end":{}}],"line":15},"1":{"loc":{"start":{"line":67,"column":4},"end":{"line":85,"column":71}},"type":"if","locations":[{"start":{"line":67,"column":4},"end":{"line":85,"column":71}},{"start":{"line":85,"column":11},"end":{"line":85,"column":71}}],"line":67},"2":{"loc":{"start":{"line":67,"column":8},"end":{"line":67,"column":52}},"type":"binary-expr","locations":[{"start":{"line":67,"column":8},"end":{"line":67,"column":16}},{"start":{"line":67,"column":20},"end":{"line":67,"column":52}}],"line":67}},"s":{"0":3,"1":3,"2":3,"3":3,"4":1,"5":1,"6":1,"7":1,"8":1,"9":1,"10":1,"11":3,"12":1,"13":1,"14":1,"15":3,"16":0,"17":0,"18":0,"19":0,"20":0,"21":0,"22":3,"23":0,"24":0,"25":0,"26":0,"27":0,"28":0,"29":3},"f":{"0":1,"1":1,"2":1,"3":1,"4":0,"5":0,"6":0,"7":0,"8":0,"9":0,"10":0,"11":0},"b":{"0":[1,0],"1":[0,0],"2":[0,0]},"_coverageSchema":"1a1c01bbd47fc00a2c39e90264f33305004495a9","hash":"73bb0c44dc59b1c3d0145c9eab19a580d595c532"}
,"C:\\Users\\Pablo\\Code-Workspace\\PsiHouse\\controllers\\tareaController.js": {"path":"C:\\Users\\Pablo\\Code-Workspace\\PsiHouse\\controllers\\tareaController.js","statementMap":{"0":{"start":{"line":1,"column":14},"end":{"line":1,"column":46}},"1":{"start":{"line":3,"column":12},"end":{"line":22,"column":1}},"2":{"start":{"line":7,"column":21},"end":{"line":7,"column":34}},"3":{"start":{"line":8,"column":8},"end":{"line":21,"column":11}},"4":{"start":{"line":11,"column":12},"end":{"line":14,"column":15}},"5":{"start":{"line":17,"column":12},"end":{"line":20,"column":15}},"6":{"start":{"line":25,"column":15},"end":{"line":41,"column":1}},"7":{"start":{"line":26,"column":4},"end":{"line":40,"column":71}},"8":{"start":{"line":27,"column":20},"end":{"line":27,"column":39}},"9":{"start":{"line":28,"column":8},"end":{"line":39,"column":10}},"10":{"start":{"line":29,"column":12},"end":{"line":32,"column":15}},"11":{"start":{"line":35,"column":12},"end":{"line":38,"column":14}},"12":{"start":{"line":40,"column":11},"end":{"line":40,"column":71}},"13":{"start":{"line":43,"column":17},"end":{"line":59,"column":1}},"14":{"start":{"line":44,"column":4},"end":{"line":58,"column":6}},"15":{"start":{"line":45,"column":8},"end":{"line":45,"column":39}},"16":{"start":{"line":46,"column":8},"end":{"line":51,"column":10}},"17":{"start":{"line":47,"column":12},"end":{"line":50,"column":15}},"18":{"start":{"line":54,"column":8},"end":{"line":57,"column":10}},"19":{"start":{"line":61,"column":0},"end":{"line":61,"column":40}}},"fnMap":{"0":{"name":"(anonymous_0)","decl":{"start":{"line":3,"column":12},"end":{"line":3,"column":13}},"loc":{"start":{"line":3,"column":32},"end":{"line":22,"column":1}},"line":3},"1":{"name":"(anonymous_1)","decl":{"start":{"line":10,"column":20},"end":{"line":10,"column":21}},"loc":{"start":{"line":10,"column":31},"end":{"line":15,"column":12}},"line":10},"2":{"name":"(anonymous_2)","decl":{"start":{"line":16,"column":18},"end":{"line":16,"column":19}},"loc":{"start":{"line":16,"column":27},"end":{"line":21,"column":9}},"line":16},"3":{"name":"(anonymous_3)","decl":{"start":{"line":25,"column":15},"end":{"line":25,"column":16}},"loc":{"start":{"line":25,"column":29},"end":{"line":41,"column":1}},"line":25},"4":{"name":"(anonymous_4)","decl":{"start":{"line":28,"column":26},"end":{"line":28,"column":27}},"loc":{"start":{"line":28,"column":32},"end":{"line":33,"column":9}},"line":28},"5":{"name":"(anonymous_5)","decl":{"start":{"line":34,"column":15},"end":{"line":34,"column":16}},"loc":{"start":{"line":34,"column":24},"end":{"line":39,"column":9}},"line":34},"6":{"name":"(anonymous_6)","decl":{"start":{"line":43,"column":17},"end":{"line":43,"column":18}},"loc":{"start":{"line":43,"column":31},"end":{"line":59,"column":1}},"line":43},"7":{"name":"(anonymous_7)","decl":{"start":{"line":44,"column":38},"end":{"line":44,"column":39}},"loc":{"start":{"line":44,"column":49},"end":{"line":52,"column":5}},"line":44},"8":{"name":"(anonymous_8)","decl":{"start":{"line":46,"column":26},"end":{"line":46,"column":27}},"loc":{"start":{"line":46,"column":32},"end":{"line":51,"column":9}},"line":46},"9":{"name":"(anonymous_9)","decl":{"start":{"line":53,"column":11},"end":{"line":53,"column":12}},"loc":{"start":{"line":53,"column":20},"end":{"line":58,"column":5}},"line":53}},"branchMap":{"0":{"loc":{"start":{"line":26,"column":4},"end":{"line":40,"column":71}},"type":"if","locations":[{"start":{"line":26,"column":4},"end":{"line":40,"column":71}},{"start":{"line":40,"column":11},"end":{"line":40,"column":71}}],"line":26},"1":{"loc":{"start":{"line":26,"column":8},"end":{"line":26,"column":52}},"type":"binary-expr","locations":[{"start":{"line":26,"column":8},"end":{"line":26,"column":16}},{"start":{"line":26,"column":20},"end":{"line":26,"column":52}}],"line":26}},"s":{"0":3,"1":3,"2":2,"3":2,"4":1,"5":1,"6":3,"7":3,"8":2,"9":2,"10":1,"11":1,"12":1,"13":3,"14":2,"15":2,"16":1,"17":1,"18":1,"19":3},"f":{"0":2,"1":1,"2":1,"3":3,"4":1,"5":1,"6":2,"7":2,"8":1,"9":1},"b":{"0":[2,1],"1":[3,3]},"_coverageSchema":"1a1c01bbd47fc00a2c39e90264f33305004495a9","hash":"c917b2f0867d2e6e5ba93fafabb63ae7e62a2ba1"}
,"C:\\Users\\Pablo\\Code-Workspace\\PsiHouse\\controllers\\usuarioController.js": {"path":"C:\\Users\\Pablo\\Code-Workspace\\PsiHouse\\controllers\\usuarioController.js","statementMap":{"0":{"start":{"line":1,"column":16},"end":{"line":1,"column":50}},"1":{"start":{"line":2,"column":12},"end":{"line":2,"column":35}},"2":{"start":{"line":3,"column":0},"end":{"line":3,"column":27}},"3":{"start":{"line":5,"column":15},"end":{"line":27,"column":1}},"4":{"start":{"line":7,"column":4},"end":{"line":26,"column":85}},"5":{"start":{"line":8,"column":22},"end":{"line":8,"column":43}},"6":{"start":{"line":9,"column":8},"end":{"line":9,"column":75}},"7":{"start":{"line":10,"column":8},"end":{"line":25,"column":11}},"8":{"start":{"line":11,"column":26},"end":{"line":13,"column":14}},"9":{"start":{"line":14,"column":12},"end":{"line":18,"column":15}},"10":{"start":{"line":21,"column":12},"end":{"line":24,"column":14}},"11":{"start":{"line":26,"column":11},"end":{"line":26,"column":85}},"12":{"start":{"line":29,"column":14},"end":{"line":55,"column":1}},"13":{"start":{"line":30,"column":4},"end":{"line":54,"column":75}},"14":{"start":{"line":31,"column":8},"end":{"line":53,"column":10}},"15":{"start":{"line":32,"column":24},"end":{"line":32,"column":73}},"16":{"start":{"line":33,"column":12},"end":{"line":46,"column":13}},"17":{"start":{"line":34,"column":30},"end":{"line":36,"column":18}},"18":{"start":{"line":37,"column":16},"end":{"line":41,"column":19}},"19":{"start":{"line":43,"column":16},"end":{"line":45,"column":19}},"20":{"start":{"line":49,"column":12},"end":{"line":52,"column":14}},"21":{"start":{"line":54,"column":11},"end":{"line":54,"column":75}},"22":{"start":{"line":57,"column":0},"end":{"line":57,"column":32}}},"fnMap":{"0":{"name":"(anonymous_0)","decl":{"start":{"line":5,"column":15},"end":{"line":5,"column":16}},"loc":{"start":{"line":5,"column":35},"end":{"line":27,"column":1}},"line":5},"1":{"name":"(anonymous_1)","decl":{"start":{"line":10,"column":28},"end":{"line":10,"column":29}},"loc":{"start":{"line":10,"column":34},"end":{"line":19,"column":9}},"line":10},"2":{"name":"(anonymous_2)","decl":{"start":{"line":20,"column":15},"end":{"line":20,"column":16}},"loc":{"start":{"line":20,"column":24},"end":{"line":25,"column":9}},"line":20},"3":{"name":"(anonymous_3)","decl":{"start":{"line":29,"column":14},"end":{"line":29,"column":15}},"loc":{"start":{"line":29,"column":28},"end":{"line":55,"column":1}},"line":29},"4":{"name":"(anonymous_4)","decl":{"start":{"line":31,"column":54},"end":{"line":31,"column":55}},"loc":{"start":{"line":31,"column":71},"end":{"line":47,"column":9}},"line":31},"5":{"name":"(anonymous_5)","decl":{"start":{"line":48,"column":15},"end":{"line":48,"column":16}},"loc":{"start":{"line":49,"column":12},"end":{"line":52,"column":14}},"line":49}},"branchMap":{"0":{"loc":{"start":{"line":7,"column":4},"end":{"line":26,"column":85}},"type":"if","locations":[{"start":{"line":7,"column":4},"end":{"line":26,"column":85}},{"start":{"line":26,"column":11},"end":{"line":26,"column":85}}],"line":7},"1":{"loc":{"start":{"line":7,"column":8},"end":{"line":7,"column":92}},"type":"binary-expr","locations":[{"start":{"line":7,"column":8},"end":{"line":7,"column":16}},{"start":{"line":7,"column":20},"end":{"line":7,"column":52}},{"start":{"line":7,"column":56},"end":{"line":7,"column":73}},{"start":{"line":7,"column":77},"end":{"line":7,"column":92}}],"line":7},"2":{"loc":{"start":{"line":30,"column":4},"end":{"line":54,"column":75}},"type":"if","locations":[{"start":{"line":30,"column":4},"end":{"line":54,"column":75}},{"start":{"line":54,"column":11},"end":{"line":54,"column":75}}],"line":30},"3":{"loc":{"start":{"line":30,"column":8},"end":{"line":30,"column":54}},"type":"binary-expr","locations":[{"start":{"line":30,"column":8},"end":{"line":30,"column":16}},{"start":{"line":30,"column":20},"end":{"line":30,"column":33}},{"start":{"line":30,"column":37},"end":{"line":30,"column":54}}],"line":30},"4":{"loc":{"start":{"line":33,"column":12},"end":{"line":46,"column":13}},"type":"if","locations":[{"start":{"line":33,"column":12},"end":{"line":46,"column":13}},{"start":{"line":42,"column":19},"end":{"line":46,"column":13}}],"line":33}},"s":{"0":3,"1":3,"2":3,"3":3,"4":3,"5":2,"6":2,"7":2,"8":0,"9":0,"10":2,"11":1,"12":3,"13":4,"14":3,"15":3,"16":2,"17":1,"18":1,"19":1,"20":1,"21":1,"22":3},"f":{"0":3,"1":0,"2":2,"3":4,"4":3,"5":1},"b":{"0":[2,1],"1":[3,3,3,2],"2":[3,1],"3":[4,4,3],"4":[1,1]},"_coverageSchema":"1a1c01bbd47fc00a2c39e90264f33305004495a9","hash":"f366fa7e423eb7ea8e21d88418302977b9480440"}
,"C:\\Users\\Pablo\\Code-Workspace\\PsiHouse\\models\\compartido.model.js": {"path":"C:\\Users\\Pablo\\Code-Workspace\\PsiHouse\\models\\compartido.model.js","statementMap":{"0":{"start":{"line":1,"column":17},"end":{"line":1,"column":36}},"1":{"start":{"line":3,"column":15},"end":{"line":3,"column":30}},"2":{"start":{"line":5,"column":22},"end":{"line":8,"column":2}},"3":{"start":{"line":10,"column":25},"end":{"line":14,"column":2}},"4":{"start":{"line":16,"column":0},"end":{"line":16,"column":63}}},"fnMap":{},"branchMap":{},"s":{"0":3,"1":3,"2":3,"3":3,"4":3},"f":{},"b":{},"_coverageSchema":"1a1c01bbd47fc00a2c39e90264f33305004495a9","hash":"e4006c7f50d70bb6889d5ecf6512eac7961d2f48"}
,"C:\\Users\\Pablo\\Code-Workspace\\PsiHouse\\models\\conceptualizacion.model.js": {"path":"C:\\Users\\Pablo\\Code-Workspace\\PsiHouse\\models\\conceptualizacion.model.js","statementMap":{"0":{"start":{"line":1,"column":17},"end":{"line":1,"column":36}},"1":{"start":{"line":3,"column":15},"end":{"line":3,"column":30}},"2":{"start":{"line":5,"column":32},"end":{"line":9,"column":2}},"3":{"start":{"line":11,"column":0},"end":{"line":11,"column":79}}},"fnMap":{},"branchMap":{},"s":{"0":3,"1":3,"2":3,"3":3},"f":{},"b":{},"_coverageSchema":"1a1c01bbd47fc00a2c39e90264f33305004495a9","hash":"34ca188771246a3bec200a2bbfa58054ea652bd5"}
,"C:\\Users\\Pablo\\Code-Workspace\\PsiHouse\\models\\historia.model.js": {"path":"C:\\Users\\Pablo\\Code-Workspace\\PsiHouse\\models\\historia.model.js","statementMap":{"0":{"start":{"line":1,"column":17},"end":{"line":1,"column":36}},"1":{"start":{"line":3,"column":15},"end":{"line":3,"column":30}},"2":{"start":{"line":5,"column":24},"end":{"line":9,"column":2}},"3":{"start":{"line":11,"column":0},"end":{"line":11,"column":62}}},"fnMap":{},"branchMap":{},"s":{"0":3,"1":3,"2":3,"3":3},"f":{},"b":{},"_coverageSchema":"1a1c01bbd47fc00a2c39e90264f33305004495a9","hash":"a8943cbb7835fee11868f39a23238945e16f5baf"}
,"C:\\Users\\Pablo\\Code-Workspace\\PsiHouse\\models\\notas.model.js": {"path":"C:\\Users\\Pablo\\Code-Workspace\\PsiHouse\\models\\notas.model.js","statementMap":{"0":{"start":{"line":1,"column":17},"end":{"line":1,"column":36}},"1":{"start":{"line":3,"column":15},"end":{"line":3,"column":30}},"2":{"start":{"line":5,"column":20},"end":{"line":9,"column":2}},"3":{"start":{"line":11,"column":0},"end":{"line":11,"column":53}}},"fnMap":{},"branchMap":{},"s":{"0":3,"1":3,"2":3,"3":3},"f":{},"b":{},"_coverageSchema":"1a1c01bbd47fc00a2c39e90264f33305004495a9","hash":"e5a4d8639e8950e31fe35b03158d4c2fae213611"}
,"C:\\Users\\Pablo\\Code-Workspace\\PsiHouse\\models\\paciente.model.js": {"path":"C:\\Users\\Pablo\\Code-Workspace\\PsiHouse\\models\\paciente.model.js","statementMap":{"0":{"start":{"line":1,"column":17},"end":{"line":1,"column":36}},"1":{"start":{"line":3,"column":15},"end":{"line":3,"column":30}},"2":{"start":{"line":5,"column":23},"end":{"line":29,"column":2}},"3":{"start":{"line":31,"column":0},"end":{"line":31,"column":61}}},"fnMap":{},"branchMap":{},"s":{"0":3,"1":3,"2":3,"3":3},"f":{},"b":{},"_coverageSchema":"1a1c01bbd47fc00a2c39e90264f33305004495a9","hash":"6604e366cfa16db6199bde1dcd995cbf99a03bf4"}
,"C:\\Users\\Pablo\\Code-Workspace\\PsiHouse\\models\\pagos.model.js": {"path":"C:\\Users\\Pablo\\Code-Workspace\\PsiHouse\\models\\pagos.model.js","statementMap":{"0":{"start":{"line":1,"column":17},"end":{"line":1,"column":36}},"1":{"start":{"line":3,"column":15},"end":{"line":3,"column":30}},"2":{"start":{"line":5,"column":20},"end":{"line":11,"column":2}},"3":{"start":{"line":13,"column":0},"end":{"line":13,"column":53}}},"fnMap":{},"branchMap":{},"s":{"0":3,"1":3,"2":3,"3":3},"f":{},"b":{},"_coverageSchema":"1a1c01bbd47fc00a2c39e90264f33305004495a9","hash":"3c44ced223afe4fc9d9c59f154bb9e4e700f61a3"}
,"C:\\Users\\Pablo\\Code-Workspace\\PsiHouse\\models\\tarea.model.js": {"path":"C:\\Users\\Pablo\\Code-Workspace\\PsiHouse\\models\\tarea.model.js","statementMap":{"0":{"start":{"line":1,"column":17},"end":{"line":1,"column":36}},"1":{"start":{"line":3,"column":15},"end":{"line":3,"column":30}},"2":{"start":{"line":5,"column":20},"end":{"line":11,"column":2}},"3":{"start":{"line":13,"column":0},"end":{"line":13,"column":54}}},"fnMap":{},"branchMap":{},"s":{"0":3,"1":3,"2":3,"3":3},"f":{},"b":{},"_coverageSchema":"1a1c01bbd47fc00a2c39e90264f33305004495a9","hash":"fae1fb605ce39c0403bc0e1e617d14f64dad8b7e"}
,"C:\\Users\\Pablo\\Code-Workspace\\PsiHouse\\models\\usuario.model.js": {"path":"C:\\Users\\Pablo\\Code-Workspace\\PsiHouse\\models\\usuario.model.js","statementMap":{"0":{"start":{"line":1,"column":17},"end":{"line":1,"column":36}},"1":{"start":{"line":2,"column":15},"end":{"line":2,"column":32}},"2":{"start":{"line":4,"column":15},"end":{"line":4,"column":30}},"3":{"start":{"line":6,"column":22},"end":{"line":11,"column":2}},"4":{"start":{"line":13,"column":0},"end":{"line":16,"column":2}},"5":{"start":{"line":14,"column":17},"end":{"line":14,"column":41}},"6":{"start":{"line":15,"column":4},"end":{"line":15,"column":39}},"7":{"start":{"line":18,"column":0},"end":{"line":20,"column":2}},"8":{"start":{"line":19,"column":4},"end":{"line":19,"column":51}},"9":{"start":{"line":22,"column":0},"end":{"line":22,"column":58}}},"fnMap":{"0":{"name":"(anonymous_0)","decl":{"start":{"line":13,"column":40},"end":{"line":13,"column":41}},"loc":{"start":{"line":13,"column":60},"end":{"line":16,"column":1}},"line":13},"1":{"name":"(anonymous_1)","decl":{"start":{"line":18,"column":41},"end":{"line":18,"column":42}},"loc":{"start":{"line":18,"column":61},"end":{"line":20,"column":1}},"line":18}},"branchMap":{},"s":{"0":3,"1":3,"2":3,"3":3,"4":3,"5":2,"6":2,"7":3,"8":2,"9":3},"f":{"0":2,"1":2},"b":{},"_coverageSchema":"1a1c01bbd47fc00a2c39e90264f33305004495a9","hash":"d4bede53fa73c2837446c0f2932b938d1579fc26"}
,"C:\\Users\\Pablo\\Code-Workspace\\PsiHouse\\routes\\api.routes.js": {"path":"C:\\Users\\Pablo\\Code-Workspace\\PsiHouse\\routes\\api.routes.js","statementMap":{"0":{"start":{"line":1,"column":16},"end":{"line":1,"column":34}},"1":{"start":{"line":2,"column":23},"end":{"line":2,"column":52}},"2":{"start":{"line":3,"column":22},"end":{"line":3,"column":49}},"3":{"start":{"line":4,"column":20},"end":{"line":4,"column":45}},"4":{"start":{"line":5,"column":20},"end":{"line":5,"column":45}},"5":{"start":{"line":6,"column":23},"end":{"line":6,"column":51}},"6":{"start":{"line":7,"column":32},"end":{"line":7,"column":69}},"7":{"start":{"line":8,"column":25},"end":{"line":8,"column":55}},"8":{"start":{"line":9,"column":20},"end":{"line":9,"column":45}},"9":{"start":{"line":11,"column":12},"end":{"line":11,"column":21}},"10":{"start":{"line":13,"column":0},"end":{"line":13,"column":38}},"11":{"start":{"line":14,"column":0},"end":{"line":14,"column":35}},"12":{"start":{"line":15,"column":0},"end":{"line":15,"column":38}},"13":{"start":{"line":16,"column":0},"end":{"line":16,"column":47}},"14":{"start":{"line":17,"column":0},"end":{"line":17,"column":40}},"15":{"start":{"line":19,"column":0},"end":{"line":19,"column":31}},"16":{"start":{"line":21,"column":0},"end":{"line":21,"column":35}},"17":{"start":{"line":23,"column":0},"end":{"line":23,"column":32}},"18":{"start":{"line":26,"column":0},"end":{"line":26,"column":21}}},"fnMap":{},"branchMap":{},"s":{"0":3,"1":3,"2":3,"3":3,"4":3,"5":3,"6":3,"7":3,"8":3,"9":3,"10":3,"11":3,"12":3,"13":3,"14":3,"15":3,"16":3,"17":3,"18":3},"f":{},"b":{},"_coverageSchema":"1a1c01bbd47fc00a2c39e90264f33305004495a9","hash":"c8ef3bf08678909c48bc40ace53a10bed2e792e0"}
,"C:\\Users\\Pablo\\Code-Workspace\\PsiHouse\\routes\\compartido.routes.js": {"path":"C:\\Users\\Pablo\\Code-Workspace\\PsiHouse\\routes\\compartido.routes.js","statementMap":{"0":{"start":{"line":1,"column":15},"end":{"line":1,"column":42}},"1":{"start":{"line":2,"column":29},"end":{"line":2,"column":75}},"2":{"start":{"line":4,"column":0},"end":{"line":5,"column":34}},"3":{"start":{"line":6,"column":0},"end":{"line":7,"column":38}},"4":{"start":{"line":8,"column":0},"end":{"line":9,"column":47}},"5":{"start":{"line":11,"column":0},"end":{"line":11,"column":23}}},"fnMap":{},"branchMap":{},"s":{"0":3,"1":3,"2":3,"3":3,"4":3,"5":3},"f":{},"b":{},"_coverageSchema":"1a1c01bbd47fc00a2c39e90264f33305004495a9","hash":"636f4be4307ccd90b43563cc5315f10c4b7d37d4"}
,"C:\\Users\\Pablo\\Code-Workspace\\PsiHouse\\routes\\conceptualizacion.routes.js": {"path":"C:\\Users\\Pablo\\Code-Workspace\\PsiHouse\\routes\\conceptualizacion.routes.js","statementMap":{"0":{"start":{"line":1,"column":15},"end":{"line":1,"column":42}},"1":{"start":{"line":2,"column":36},"end":{"line":2,"column":89}},"2":{"start":{"line":4,"column":0},"end":{"line":5,"column":41}},"3":{"start":{"line":6,"column":0},"end":{"line":7,"column":45}},"4":{"start":{"line":8,"column":0},"end":{"line":9,"column":61}},"5":{"start":{"line":11,"column":0},"end":{"line":11,"column":23}}},"fnMap":{},"branchMap":{},"s":{"0":3,"1":3,"2":3,"3":3,"4":3,"5":3},"f":{},"b":{},"_coverageSchema":"1a1c01bbd47fc00a2c39e90264f33305004495a9","hash":"8825190fcdbe21956ee8f5c2be94244b5b99aeda"}
,"C:\\Users\\Pablo\\Code-Workspace\\PsiHouse\\routes\\historia.routes.js": {"path":"C:\\Users\\Pablo\\Code-Workspace\\PsiHouse\\routes\\historia.routes.js","statementMap":{"0":{"start":{"line":1,"column":15},"end":{"line":1,"column":42}},"1":{"start":{"line":2,"column":27},"end":{"line":2,"column":71}},"2":{"start":{"line":4,"column":0},"end":{"line":5,"column":32}},"3":{"start":{"line":6,"column":0},"end":{"line":7,"column":36}},"4":{"start":{"line":8,"column":0},"end":{"line":9,"column":43}},"5":{"start":{"line":11,"column":0},"end":{"line":11,"column":23}}},"fnMap":{},"branchMap":{},"s":{"0":3,"1":3,"2":3,"3":3,"4":3,"5":3},"f":{},"b":{},"_coverageSchema":"1a1c01bbd47fc00a2c39e90264f33305004495a9","hash":"a776e0b7782bad6cd83ec79ea6667a3bed7ea969"}
,"C:\\Users\\Pablo\\Code-Workspace\\PsiHouse\\routes\\notas.routes.js": {"path":"C:\\Users\\Pablo\\Code-Workspace\\PsiHouse\\routes\\notas.routes.js","statementMap":{"0":{"start":{"line":1,"column":15},"end":{"line":1,"column":42}},"1":{"start":{"line":2,"column":24},"end":{"line":2,"column":65}},"2":{"start":{"line":4,"column":0},"end":{"line":5,"column":29}},"3":{"start":{"line":6,"column":0},"end":{"line":7,"column":33}},"4":{"start":{"line":8,"column":0},"end":{"line":9,"column":36}},"5":{"start":{"line":11,"column":0},"end":{"line":11,"column":23}}},"fnMap":{},"branchMap":{},"s":{"0":3,"1":3,"2":3,"3":3,"4":3,"5":3},"f":{},"b":{},"_coverageSchema":"1a1c01bbd47fc00a2c39e90264f33305004495a9","hash":"6491b9224e32452591b13ac767c66ef11457b26f"}
,"C:\\Users\\Pablo\\Code-Workspace\\PsiHouse\\routes\\pacientes.routes.js": {"path":"C:\\Users\\Pablo\\Code-Workspace\\PsiHouse\\routes\\pacientes.routes.js","statementMap":{"0":{"start":{"line":1,"column":15},"end":{"line":1,"column":42}},"1":{"start":{"line":2,"column":27},"end":{"line":2,"column":71}},"2":{"start":{"line":3,"column":23},"end":{"line":3,"column":63}},"3":{"start":{"line":5,"column":0},"end":{"line":6,"column":32}},"4":{"start":{"line":7,"column":0},"end":{"line":8,"column":36}},"5":{"start":{"line":9,"column":0},"end":{"line":10,"column":43}},"6":{"start":{"line":11,"column":0},"end":{"line":12,"column":40}},"7":{"start":{"line":13,"column":0},"end":{"line":14,"column":41}},"8":{"start":{"line":15,"column":0},"end":{"line":16,"column":32}},"9":{"start":{"line":17,"column":0},"end":{"line":18,"column":35}},"10":{"start":{"line":20,"column":0},"end":{"line":20,"column":23}}},"fnMap":{},"branchMap":{},"s":{"0":3,"1":3,"2":3,"3":3,"4":3,"5":3,"6":3,"7":3,"8":3,"9":3,"10":3},"f":{},"b":{},"_coverageSchema":"1a1c01bbd47fc00a2c39e90264f33305004495a9","hash":"b5a1dc7bf911c6fb201495564082b3f36105b61a"}
,"C:\\Users\\Pablo\\Code-Workspace\\PsiHouse\\routes\\pagos.routes.js": {"path":"C:\\Users\\Pablo\\Code-Workspace\\PsiHouse\\routes\\pagos.routes.js","statementMap":{"0":{"start":{"line":1,"column":15},"end":{"line":1,"column":42}},"1":{"start":{"line":2,"column":23},"end":{"line":2,"column":63}},"2":{"start":{"line":4,"column":0},"end":{"line":5,"column":28}},"3":{"start":{"line":7,"column":0},"end":{"line":7,"column":23}}},"fnMap":{},"branchMap":{},"s":{"0":3,"1":3,"2":3,"3":3},"f":{},"b":{},"_coverageSchema":"1a1c01bbd47fc00a2c39e90264f33305004495a9","hash":"355560a87bf7b30d9a526074246159e4488040a8"}
,"C:\\Users\\Pablo\\Code-Workspace\\PsiHouse\\routes\\tarea.routes.js": {"path":"C:\\Users\\Pablo\\Code-Workspace\\PsiHouse\\routes\\tarea.routes.js","statementMap":{"0":{"start":{"line":1,"column":15},"end":{"line":1,"column":42}},"1":{"start":{"line":2,"column":24},"end":{"line":2,"column":65}},"2":{"start":{"line":4,"column":0},"end":{"line":5,"column":29}},"3":{"start":{"line":6,"column":0},"end":{"line":7,"column":33}},"4":{"start":{"line":8,"column":0},"end":{"line":9,"column":36}},"5":{"start":{"line":11,"column":0},"end":{"line":11,"column":23}}},"fnMap":{},"branchMap":{},"s":{"0":3,"1":3,"2":3,"3":3,"4":3,"5":3},"f":{},"b":{},"_coverageSchema":"1a1c01bbd47fc00a2c39e90264f33305004495a9","hash":"d3b01b00a35d4fb4b9f246cb5676d509481271d4"}
,"C:\\Users\\Pablo\\Code-Workspace\\PsiHouse\\routes\\usuario.routes.js": {"path":"C:\\Users\\Pablo\\Code-Workspace\\PsiHouse\\routes\\usuario.routes.js","statementMap":{"0":{"start":{"line":1,"column":15},"end":{"line":1,"column":42}},"1":{"start":{"line":2,"column":0},"end":{"line":2,"column":63}},"2":{"start":{"line":4,"column":0},"end":{"line":5,"column":35}},"3":{"start":{"line":6,"column":0},"end":{"line":7,"column":34}},"4":{"start":{"line":9,"column":0},"end":{"line":9,"column":23}}},"fnMap":{},"branchMap":{},"s":{"0":3,"1":3,"2":3,"3":3,"4":3},"f":{},"b":{},"_coverageSchema":"1a1c01bbd47fc00a2c39e90264f33305004495a9","hash":"4df30adc756495edaf03b1ddc5966e8a49e9331e"}
}
