TN:
SF:app.js
FNF:0
FNH:0
DA:2,3
DA:3,3
DA:4,3
DA:9,3
DA:11,3
DA:12,3
DA:15,3
DA:18,3
DA:19,3
DA:23,3
LF:10
LH:10
BRF:0
BRH:0
end_of_record
TN:
SF:controllers\compartidoController.js
FN:3,(anonymous_0)
FN:10,(anonymous_1)
FN:15,(anonymous_2)
FN:23,(anonymous_3)
FN:29,(anonymous_4)
FN:35,(anonymous_5)
FN:44,(anonymous_6)
FN:45,(anonymous_7)
FN:47,(anonymous_8)
FN:53,(anonymous_9)
FN:60,(anonymous_10)
FNF:11
FNH:0
FNDA:0,(anonymous_0)
FNDA:0,(anonymous_1)
FNDA:0,(anonymous_2)
FNDA:0,(anonymous_3)
FNDA:0,(anonymous_4)
FNDA:0,(anonymous_5)
FNDA:0,(anonymous_6)
FNDA:0,(anonymous_7)
FNDA:0,(anonymous_8)
FNDA:0,(anonymous_9)
FNDA:0,(anonymous_10)
DA:1,3
DA:3,3
DA:7,0
DA:8,0
DA:11,0
DA:16,0
DA:23,3
DA:24,0
DA:25,0
DA:29,0
DA:30,0
DA:36,0
DA:41,0
DA:44,3
DA:45,0
DA:46,0
DA:47,0
DA:48,0
DA:54,0
DA:61,0
DA:68,3
LF:21
LH:5
BRDA:24,0,0,0
BRDA:24,0,1,0
BRDA:24,1,0,0
BRDA:24,1,1,0
BRF:4
BRH:0
end_of_record
TN:
SF:controllers\conceptualizacionController.js
FN:3,(anonymous_0)
FN:10,(anonymous_1)
FN:15,(anonymous_2)
FN:23,(anonymous_3)
FN:29,(anonymous_4)
FN:35,(anonymous_5)
FN:44,(anonymous_6)
FN:45,(anonymous_7)
FN:47,(anonymous_8)
FN:53,(anonymous_9)
FN:60,(anonymous_10)
FNF:11
FNH:0
FNDA:0,(anonymous_0)
FNDA:0,(anonymous_1)
FNDA:0,(anonymous_2)
FNDA:0,(anonymous_3)
FNDA:0,(anonymous_4)
FNDA:0,(anonymous_5)
FNDA:0,(anonymous_6)
FNDA:0,(anonymous_7)
FNDA:0,(anonymous_8)
FNDA:0,(anonymous_9)
FNDA:0,(anonymous_10)
DA:1,3
DA:3,3
DA:7,0
DA:8,0
DA:11,0
DA:16,0
DA:23,3
DA:24,0
DA:25,0
DA:29,0
DA:30,0
DA:36,0
DA:41,0
DA:44,3
DA:45,0
DA:46,0
DA:47,0
DA:48,0
DA:54,0
DA:61,0
DA:68,3
LF:21
LH:5
BRDA:24,0,0,0
BRDA:24,0,1,0
BRDA:24,1,0,0
BRDA:24,1,1,0
BRF:4
BRH:0
end_of_record
TN:
SF:controllers\historiaController.js
FN:3,(anonymous_0)
FN:10,(anonymous_1)
FN:15,(anonymous_2)
FN:23,(anonymous_3)
FN:29,(anonymous_4)
FN:35,(anonymous_5)
FN:44,(anonymous_6)
FN:45,(anonymous_7)
FN:47,(anonymous_8)
FN:53,(anonymous_9)
FN:60,(anonymous_10)
FNF:11
FNH:0
FNDA:0,(anonymous_0)
FNDA:0,(anonymous_1)
FNDA:0,(anonymous_2)
FNDA:0,(anonymous_3)
FNDA:0,(anonymous_4)
FNDA:0,(anonymous_5)
FNDA:0,(anonymous_6)
FNDA:0,(anonymous_7)
FNDA:0,(anonymous_8)
FNDA:0,(anonymous_9)
FNDA:0,(anonymous_10)
DA:1,3
DA:3,3
DA:7,0
DA:8,0
DA:11,0
DA:16,0
DA:23,3
DA:24,0
DA:25,0
DA:29,0
DA:30,0
DA:36,0
DA:41,0
DA:44,3
DA:45,0
DA:46,0
DA:47,0
DA:48,0
DA:54,0
DA:61,0
DA:68,3
LF:21
LH:5
BRDA:24,0,0,0
BRDA:24,0,1,0
BRDA:24,1,0,0
BRDA:24,1,1,0
BRF:4
BRH:0
end_of_record
TN:
SF:controllers\notasController.js
FN:3,(anonymous_0)
FN:10,(anonymous_1)
FN:15,(anonymous_2)
FN:23,(anonymous_3)
FN:30,(anonymous_4)
FN:36,(anonymous_5)
FN:45,(anonymous_6)
FN:46,(anonymous_7)
FN:48,(anonymous_8)
FN:54,(anonymous_9)
FN:61,(anonymous_10)
FNF:11
FNH:0
FNDA:0,(anonymous_0)
FNDA:0,(anonymous_1)
FNDA:0,(anonymous_2)
FNDA:0,(anonymous_3)
FNDA:0,(anonymous_4)
FNDA:0,(anonymous_5)
FNDA:0,(anonymous_6)
FNDA:0,(anonymous_7)
FNDA:0,(anonymous_8)
FNDA:0,(anonymous_9)
FNDA:0,(anonymous_10)
DA:1,3
DA:3,3
DA:7,0
DA:8,0
DA:11,0
DA:16,0
DA:23,3
DA:24,0
DA:25,0
DA:30,0
DA:31,0
DA:37,0
DA:42,0
DA:45,3
DA:46,0
DA:47,0
DA:48,0
DA:49,0
DA:55,0
DA:62,0
DA:70,3
LF:21
LH:5
BRDA:24,0,0,0
BRDA:24,0,1,0
BRDA:24,1,0,0
BRDA:24,1,1,0
BRF:4
BRH:0
end_of_record
TN:
SF:controllers\pacienteController.js
FN:4,(anonymous_0)
FN:16,(anonymous_1)
FN:21,(anonymous_2)
FN:30,(anonymous_3)
FN:32,(anonymous_4)
FN:38,(anonymous_5)
FN:46,(anonymous_6)
FN:55,(anonymous_7)
FN:61,(anonymous_8)
FN:73,(anonymous_9)
FN:75,(anonymous_10)
FN:77,(anonymous_11)
FN:83,(anonymous_12)
FN:90,(anonymous_13)
FNF:14
FNH:0
FNDA:0,(anonymous_0)
FNDA:0,(anonymous_1)
FNDA:0,(anonymous_2)
FNDA:0,(anonymous_3)
FNDA:0,(anonymous_4)
FNDA:0,(anonymous_5)
FNDA:0,(anonymous_6)
FNDA:0,(anonymous_7)
FNDA:0,(anonymous_8)
FNDA:0,(anonymous_9)
FNDA:0,(anonymous_10)
FNDA:0,(anonymous_11)
FNDA:0,(anonymous_12)
FNDA:0,(anonymous_13)
DA:1,3
DA:2,3
DA:4,3
DA:8,0
DA:9,0
DA:12,0
DA:13,0
DA:14,0
DA:17,0
DA:22,0
DA:27,0
DA:30,3
DA:31,0
DA:32,0
DA:33,0
DA:39,0
DA:46,3
DA:47,0
DA:50,0
DA:51,0
DA:52,0
DA:53,0
DA:54,0
DA:55,0
DA:56,0
DA:62,0
DA:67,0
DA:68,0
DA:73,3
DA:74,0
DA:75,0
DA:76,0
DA:77,0
DA:78,0
DA:84,0
DA:91,0
DA:99,3
LF:37
LH:7
BRDA:13,0,0,0
BRDA:13,0,1,0
BRDA:51,1,0,0
BRDA:51,1,1,0
BRDA:52,2,0,0
BRDA:52,2,1,0
BRDA:52,3,0,0
BRDA:52,3,1,0
BRF:8
BRH:0
end_of_record
TN:
SF:controllers\pagoController.js
FN:5,(anonymous_0)
FN:29,(anonymous_1)
FN:45,(anonymous_2)
FN:52,(anonymous_3)
FN:66,(anonymous_4)
FN:73,(anonymous_5)
FN:79,(anonymous_6)
FN:88,(anonymous_7)
FN:89,(anonymous_8)
FN:91,(anonymous_9)
FN:97,(anonymous_10)
FN:104,(anonymous_11)
FNF:12
FNH:4
FNDA:1,(anonymous_0)
FNDA:1,(anonymous_1)
FNDA:1,(anonymous_2)
FNDA:1,(anonymous_3)
FNDA:0,(anonymous_4)
FNDA:0,(anonymous_5)
FNDA:0,(anonymous_6)
FNDA:0,(anonymous_7)
FNDA:0,(anonymous_8)
FNDA:0,(anonymous_9)
FNDA:0,(anonymous_10)
FNDA:0,(anonymous_11)
DA:1,3
DA:2,3
DA:3,3
DA:5,3
DA:9,1
DA:10,1
DA:13,1
DA:14,1
DA:15,1
DA:16,1
DA:30,1
DA:45,3
DA:49,1
DA:50,1
DA:53,1
DA:66,3
DA:67,0
DA:68,0
DA:73,0
DA:74,0
DA:80,0
DA:85,0
DA:88,3
DA:89,0
DA:90,0
DA:91,0
DA:92,0
DA:98,0
DA:105,0
DA:113,3
LF:30
LH:18
BRDA:15,0,0,1
BRDA:15,0,1,0
BRDA:67,1,0,0
BRDA:67,1,1,0
BRDA:67,2,0,0
BRDA:67,2,1,0
BRF:6
BRH:1
end_of_record
TN:
SF:controllers\tareaController.js
FN:3,(anonymous_0)
FN:10,(anonymous_1)
FN:16,(anonymous_2)
FN:25,(anonymous_3)
FN:28,(anonymous_4)
FN:34,(anonymous_5)
FN:43,(anonymous_6)
FN:44,(anonymous_7)
FN:46,(anonymous_8)
FN:53,(anonymous_9)
FNF:10
FNH:10
FNDA:2,(anonymous_0)
FNDA:1,(anonymous_1)
FNDA:1,(anonymous_2)
FNDA:3,(anonymous_3)
FNDA:1,(anonymous_4)
FNDA:1,(anonymous_5)
FNDA:2,(anonymous_6)
FNDA:2,(anonymous_7)
FNDA:1,(anonymous_8)
FNDA:1,(anonymous_9)
DA:1,3
DA:3,3
DA:7,2
DA:8,2
DA:11,1
DA:17,1
DA:25,3
DA:26,3
DA:27,2
DA:28,2
DA:29,1
DA:35,1
DA:40,1
DA:43,3
DA:44,2
DA:45,2
DA:46,1
DA:47,1
DA:54,1
DA:61,3
LF:20
LH:20
BRDA:26,0,0,2
BRDA:26,0,1,1
BRDA:26,1,0,3
BRDA:26,1,1,3
BRF:4
BRH:4
end_of_record
TN:
SF:controllers\usuarioController.js
FN:5,(anonymous_0)
FN:10,(anonymous_1)
FN:20,(anonymous_2)
FN:29,(anonymous_3)
FN:31,(anonymous_4)
FN:48,(anonymous_5)
FNF:6
FNH:5
FNDA:3,(anonymous_0)
FNDA:0,(anonymous_1)
FNDA:2,(anonymous_2)
FNDA:4,(anonymous_3)
FNDA:3,(anonymous_4)
FNDA:1,(anonymous_5)
DA:1,3
DA:2,3
DA:3,3
DA:5,3
DA:7,3
DA:8,2
DA:9,2
DA:10,2
DA:11,0
DA:14,0
DA:21,2
DA:26,1
DA:29,3
DA:30,4
DA:31,3
DA:32,3
DA:33,2
DA:34,1
DA:37,1
DA:43,1
DA:49,1
DA:54,1
DA:57,3
LF:23
LH:21
BRDA:7,0,0,2
BRDA:7,0,1,1
BRDA:7,1,0,3
BRDA:7,1,1,3
BRDA:7,1,2,3
BRDA:7,1,3,2
BRDA:30,2,0,3
BRDA:30,2,1,1
BRDA:30,3,0,4
BRDA:30,3,1,4
BRDA:30,3,2,3
BRDA:33,4,0,1
BRDA:33,4,1,1
BRF:13
BRH:13
end_of_record
TN:
SF:models\compartido.model.js
FNF:0
FNH:0
DA:1,3
DA:3,3
DA:5,3
DA:10,3
DA:16,3
LF:5
LH:5
BRF:0
BRH:0
end_of_record
TN:
SF:models\conceptualizacion.model.js
FNF:0
FNH:0
DA:1,3
DA:3,3
DA:5,3
DA:11,3
LF:4
LH:4
BRF:0
BRH:0
end_of_record
TN:
SF:models\historia.model.js
FNF:0
FNH:0
DA:1,3
DA:3,3
DA:5,3
DA:11,3
LF:4
LH:4
BRF:0
BRH:0
end_of_record
TN:
SF:models\notas.model.js
FNF:0
FNH:0
DA:1,3
DA:3,3
DA:5,3
DA:11,3
LF:4
LH:4
BRF:0
BRH:0
end_of_record
TN:
SF:models\paciente.model.js
FNF:0
FNH:0
DA:1,3
DA:3,3
DA:5,3
DA:31,3
LF:4
LH:4
BRF:0
BRH:0
end_of_record
TN:
SF:models\pagos.model.js
FNF:0
FNH:0
DA:1,3
DA:3,3
DA:5,3
DA:13,3
LF:4
LH:4
BRF:0
BRH:0
end_of_record
TN:
SF:models\tarea.model.js
FNF:0
FNH:0
DA:1,3
DA:3,3
DA:5,3
DA:13,3
LF:4
LH:4
BRF:0
BRH:0
end_of_record
TN:
SF:models\usuario.model.js
FN:13,(anonymous_0)
FN:18,(anonymous_1)
FNF:2
FNH:2
FNDA:2,(anonymous_0)
FNDA:2,(anonymous_1)
DA:1,3
DA:2,3
DA:4,3
DA:6,3
DA:13,3
DA:14,2
DA:15,2
DA:18,3
DA:19,2
DA:22,3
LF:10
LH:10
BRF:0
BRH:0
end_of_record
TN:
SF:routes\api.routes.js
FNF:0
FNH:0
DA:1,3
DA:2,3
DA:3,3
DA:4,3
DA:5,3
DA:6,3
DA:7,3
DA:8,3
DA:9,3
DA:11,3
DA:13,3
DA:14,3
DA:15,3
DA:16,3
DA:17,3
DA:19,3
DA:21,3
DA:23,3
DA:26,3
LF:19
LH:19
BRF:0
BRH:0
end_of_record
TN:
SF:routes\compartido.routes.js
FNF:0
FNH:0
DA:1,3
DA:2,3
DA:4,3
DA:6,3
DA:8,3
DA:11,3
LF:6
LH:6
BRF:0
BRH:0
end_of_record
TN:
SF:routes\conceptualizacion.routes.js
FNF:0
FNH:0
DA:1,3
DA:2,3
DA:4,3
DA:6,3
DA:8,3
DA:11,3
LF:6
LH:6
BRF:0
BRH:0
end_of_record
TN:
SF:routes\historia.routes.js
FNF:0
FNH:0
DA:1,3
DA:2,3
DA:4,3
DA:6,3
DA:8,3
DA:11,3
LF:6
LH:6
BRF:0
BRH:0
end_of_record
TN:
SF:routes\notas.routes.js
FNF:0
FNH:0
DA:1,3
DA:2,3
DA:4,3
DA:6,3
DA:8,3
DA:11,3
LF:6
LH:6
BRF:0
BRH:0
end_of_record
TN:
SF:routes\pacientes.routes.js
FNF:0
FNH:0
DA:1,3
DA:2,3
DA:3,3
DA:5,3
DA:7,3
DA:9,3
DA:11,3
DA:13,3
DA:15,3
DA:17,3
DA:20,3
LF:11
LH:11
BRF:0
BRH:0
end_of_record
TN:
SF:routes\pagos.routes.js
FNF:0
FNH:0
DA:1,3
DA:2,3
DA:4,3
DA:7,3
LF:4
LH:4
BRF:0
BRH:0
end_of_record
TN:
SF:routes\tarea.routes.js
FNF:0
FNH:0
DA:1,3
DA:2,3
DA:4,3
DA:6,3
DA:8,3
DA:11,3
LF:6
LH:6
BRF:0
BRH:0
end_of_record
TN:
SF:routes\usuario.routes.js
FNF:0
FNH:0
DA:1,3
DA:2,3
DA:4,3
DA:6,3
DA:9,3
LF:5
LH:5
BRF:0
BRH:0
end_of_record
