TN:
SF:controllers\tareaController.js
FN:3,(anonymous_0)
FN:7,(anonymous_1)
FN:13,(anonymous_2)
FN:22,(anonymous_3)
FN:25,(anonymous_4)
FN:31,(anonymous_5)
FN:40,(anonymous_6)
FN:41,(anonymous_7)
FN:43,(anonymous_8)
FN:49,(anonymous_9)
FN:56,(anonymous_10)
FNF:11
FNH:3
FNDA:2,(anonymous_0)
FNDA:1,(anonymous_1)
FNDA:1,(anonymous_2)
FNDA:0,(anonymous_3)
FNDA:0,(anonymous_4)
FNDA:0,(anonymous_5)
FNDA:0,(anonymous_6)
FNDA:0,(anonymous_7)
FNDA:0,(anonymous_8)
FNDA:0,(anonymous_9)
FNDA:0,(anonymous_10)
DA:1,1
DA:3,1
DA:7,2
DA:8,1
DA:14,1
DA:15,1
DA:22,1
DA:23,0
DA:24,0
DA:25,0
DA:26,0
DA:32,0
DA:37,0
DA:40,1
DA:41,0
DA:42,0
DA:43,0
DA:44,0
DA:50,0
DA:57,0
DA:64,1
LF:21
LH:9
BRDA:23,0,0,0
BRDA:23,0,1,0
BRDA:23,1,0,0
BRDA:23,1,1,0
BRF:4
BRH:0
end_of_record
TN:
SF:mock\tareaMock.js
FNF:0
FNH:0
DA:1,1
DA:11,1
LF:2
LH:2
BRF:0
BRH:0
end_of_record
TN:
SF:models\tarea.model.js
FNF:0
FNH:0
DA:1,1
DA:3,1
DA:5,1
DA:12,1
LF:4
LH:4
BRF:0
BRH:0
end_of_record
